[29-05-2018 07:05:38] PayPal\Core\PayPalHttpConnection : INFO: POST https://api.sandbox.paypal.com/v1/oauth2/token
[29-05-2018 07:05:39] PayPal\Core\PayPalHttpConnection : INFO: Response Status 	: 200
[29-05-2018 07:05:39] PayPal\Core\PayPalHttpConnection : INFO: POST https://api.sandbox.paypal.com/v1/payments/payment
[29-05-2018 07:05:41] PayPal\Core\PayPalHttpConnection : INFO: Response Status 	: 201
[29-05-2018 07:17:56] PayPal\Core\PayPalHttpConnection : INFO: POST https://api.sandbox.paypal.com/v1/oauth2/token
[29-05-2018 07:17:58] PayPal\Core\PayPalHttpConnection : INFO: Response Status 	: 200
[29-05-2018 07:17:58] PayPal\Core\PayPalHttpConnection : INFO: POST https://api.sandbox.paypal.com/v1/payments/payment
[29-05-2018 07:17:59] PayPal\Core\PayPalHttpConnection : INFO: Response Status 	: 400
[29-05-2018 07:17:59] PayPal\Core\PayPalHttpConnection : ERROR: Got Http response code 400 when accessing https://api.sandbox.paypal.com/v1/payments/payment. {"name":"VALIDATION_ERROR","details":[{"field":"transactions[0].item_list.shipping_address.country_code","issue":"Country code must be 2-character ISO 3166-1 value (upper case)"},{"field":"transactions[0].item_list.shipping_address.country_code","issue":"Required field missing"}],"message":"Invalid request - see details","information_link":"https://developer.paypal.com/docs/api/payments/#errors","debug_id":"f5cb4468bbec7"}
[29-05-2018 07:18:28] PayPal\Core\PayPalHttpConnection : INFO: POST https://api.sandbox.paypal.com/v1/oauth2/token
[29-05-2018 07:18:30] PayPal\Core\PayPalHttpConnection : INFO: Response Status 	: 200
[29-05-2018 07:18:30] PayPal\Core\PayPalHttpConnection : INFO: POST https://api.sandbox.paypal.com/v1/payments/payment
[29-05-2018 07:18:31] PayPal\Core\PayPalHttpConnection : INFO: Response Status 	: 400
[29-05-2018 07:18:31] PayPal\Core\PayPalHttpConnection : ERROR: Got Http response code 400 when accessing https://api.sandbox.paypal.com/v1/payments/payment. {"name":"VALIDATION_ERROR","details":[{"field":"city","issue":"Value is invalid"},{"field":"state","issue":"Value is invalid"},{"field":"zip","issue":"Value is invalid"}],"message":"Invalid request - see details","information_link":"https://developer.paypal.com/docs/api/payments/#errors","debug_id":"5752eba568794"}
[29-05-2018 07:19:26] PayPal\Core\PayPalHttpConnection : INFO: POST https://api.sandbox.paypal.com/v1/oauth2/token
[29-05-2018 07:19:28] PayPal\Core\PayPalHttpConnection : INFO: Response Status 	: 200
[29-05-2018 07:19:28] PayPal\Core\PayPalHttpConnection : INFO: POST https://api.sandbox.paypal.com/v1/payments/payment
[29-05-2018 07:19:29] PayPal\Core\PayPalHttpConnection : INFO: Response Status 	: 201
[29-05-2018 07:19:49] PayPal\Core\PayPalHttpConnection : INFO: POST https://api.sandbox.paypal.com/v1/oauth2/token
[29-05-2018 07:19:51] PayPal\Core\PayPalHttpConnection : INFO: Response Status 	: 200
[29-05-2018 07:19:51] PayPal\Core\PayPalHttpConnection : INFO: POST https://api.sandbox.paypal.com/v1/payments/payment
[29-05-2018 07:19:52] PayPal\Core\PayPalHttpConnection : INFO: Response Status 	: 400
[29-05-2018 07:19:52] PayPal\Core\PayPalHttpConnection : ERROR: Got Http response code 400 when accessing https://api.sandbox.paypal.com/v1/payments/payment. {"name":"VALIDATION_ERROR","details":[{"field":"city","issue":"Value is invalid"},{"field":"state","issue":"Value is invalid"},{"field":"zip","issue":"Value is invalid"}],"message":"Invalid request - see details","information_link":"https://developer.paypal.com/docs/api/payments/#errors","debug_id":"54637f7a49570"}
[29-05-2018 07:20:40] PayPal\Core\PayPalHttpConnection : INFO: POST https://api.sandbox.paypal.com/v1/oauth2/token
[29-05-2018 07:20:41] PayPal\Core\PayPalHttpConnection : INFO: Response Status 	: 200
[29-05-2018 07:20:41] PayPal\Core\PayPalHttpConnection : INFO: POST https://api.sandbox.paypal.com/v1/payments/payment
[29-05-2018 07:20:43] PayPal\Core\PayPalHttpConnection : INFO: Response Status 	: 400
[29-05-2018 07:20:43] PayPal\Core\PayPalHttpConnection : ERROR: Got Http response code 400 when accessing https://api.sandbox.paypal.com/v1/payments/payment. {"name":"VALIDATION_ERROR","details":[{"field":"city","issue":"Value is invalid"},{"field":"state","issue":"Value is invalid"},{"field":"zip","issue":"Value is invalid"}],"message":"Invalid request - see details","information_link":"https://developer.paypal.com/docs/api/payments/#errors","debug_id":"b91fd7f77d59"}
[29-05-2018 07:21:30] PayPal\Core\PayPalHttpConnection : INFO: POST https://api.sandbox.paypal.com/v1/oauth2/token
[29-05-2018 07:21:31] PayPal\Core\PayPalHttpConnection : INFO: Response Status 	: 200
[29-05-2018 07:21:31] PayPal\Core\PayPalHttpConnection : INFO: POST https://api.sandbox.paypal.com/v1/payments/payment
[29-05-2018 07:21:33] PayPal\Core\PayPalHttpConnection : INFO: Response Status 	: 400
[29-05-2018 07:21:33] PayPal\Core\PayPalHttpConnection : ERROR: Got Http response code 400 when accessing https://api.sandbox.paypal.com/v1/payments/payment. {"name":"VALIDATION_ERROR","details":[{"field":"city","issue":"Value is invalid"},{"field":"state","issue":"Value is invalid"},{"field":"zip","issue":"Value is invalid"}],"message":"Invalid request - see details","information_link":"https://developer.paypal.com/docs/api/payments/#errors","debug_id":"942c5d7ac4531"}
[29-05-2018 07:22:17] PayPal\Core\PayPalHttpConnection : INFO: POST https://api.sandbox.paypal.com/v1/oauth2/token
[29-05-2018 07:22:18] PayPal\Core\PayPalHttpConnection : INFO: Response Status 	: 200
[29-05-2018 07:22:18] PayPal\Core\PayPalHttpConnection : INFO: POST https://api.sandbox.paypal.com/v1/payments/payment
[29-05-2018 07:22:19] PayPal\Core\PayPalHttpConnection : INFO: Response Status 	: 400
[29-05-2018 07:22:19] PayPal\Core\PayPalHttpConnection : ERROR: Got Http response code 400 when accessing https://api.sandbox.paypal.com/v1/payments/payment. {"name":"VALIDATION_ERROR","details":[{"field":"transactions[0].item_list.shipping_address.country_code","issue":"Country code must be 2-character ISO 3166-1 value (upper case)"},{"field":"transactions[0].item_list.shipping_address.country_code","issue":"Required field missing"}],"message":"Invalid request - see details","information_link":"https://developer.paypal.com/docs/api/payments/#errors","debug_id":"640904d8bbce8"}
[29-05-2018 07:24:51] PayPal\Core\PayPalHttpConnection : INFO: POST https://api.sandbox.paypal.com/v1/oauth2/token
[29-05-2018 07:24:53] PayPal\Core\PayPalHttpConnection : INFO: Response Status 	: 200
[29-05-2018 07:24:53] PayPal\Core\PayPalHttpConnection : INFO: POST https://api.sandbox.paypal.com/v1/payments/payment
[29-05-2018 07:24:55] PayPal\Core\PayPalHttpConnection : INFO: Response Status 	: 400
[29-05-2018 07:24:55] PayPal\Core\PayPalHttpConnection : ERROR: Got Http response code 400 when accessing https://api.sandbox.paypal.com/v1/payments/payment. {"name":"VALIDATION_ERROR","details":[{"field":"city","issue":"Value is invalid"},{"field":"state","issue":"Value is invalid"},{"field":"zip","issue":"Value is invalid"}],"message":"Invalid request - see details","information_link":"https://developer.paypal.com/docs/api/payments/#errors","debug_id":"8ce90890eaa58"}
[29-05-2018 07:30:32] PayPal\Core\PayPalHttpConnection : INFO: POST https://api.sandbox.paypal.com/v1/oauth2/token
[29-05-2018 07:30:34] PayPal\Core\PayPalHttpConnection : INFO: Response Status 	: 200
[29-05-2018 07:30:34] PayPal\Core\PayPalHttpConnection : INFO: POST https://api.sandbox.paypal.com/v1/payments/payment
[29-05-2018 07:30:36] PayPal\Core\PayPalHttpConnection : INFO: Response Status 	: 400
[29-05-2018 07:30:36] PayPal\Core\PayPalHttpConnection : ERROR: Got Http response code 400 when accessing https://api.sandbox.paypal.com/v1/payments/payment. {"name":"VALIDATION_ERROR","details":[{"field":"city","issue":"Value is invalid"},{"field":"state","issue":"Value is invalid"},{"field":"zip","issue":"Value is invalid"}],"message":"Invalid request - see details","information_link":"https://developer.paypal.com/docs/api/payments/#errors","debug_id":"e091d605ceb2e"}
[29-05-2018 07:31:00] PayPal\Core\PayPalHttpConnection : INFO: POST https://api.sandbox.paypal.com/v1/oauth2/token
[29-05-2018 07:31:02] PayPal\Core\PayPalHttpConnection : INFO: Response Status 	: 200
[29-05-2018 07:31:02] PayPal\Core\PayPalHttpConnection : INFO: POST https://api.sandbox.paypal.com/v1/payments/payment
[29-05-2018 07:31:03] PayPal\Core\PayPalHttpConnection : INFO: Response Status 	: 400
[29-05-2018 07:31:03] PayPal\Core\PayPalHttpConnection : ERROR: Got Http response code 400 when accessing https://api.sandbox.paypal.com/v1/payments/payment. {"name":"VALIDATION_ERROR","details":[{"field":"city","issue":"Value is invalid"},{"field":"state","issue":"Value is invalid"},{"field":"zip","issue":"Value is invalid"}],"message":"Invalid request - see details","information_link":"https://developer.paypal.com/docs/api/payments/#errors","debug_id":"7fc5a00353d45"}
[29-05-2018 07:31:37] PayPal\Core\PayPalHttpConnection : INFO: POST https://api.sandbox.paypal.com/v1/oauth2/token
[29-05-2018 07:31:38] PayPal\Core\PayPalHttpConnection : INFO: Response Status 	: 200
[29-05-2018 07:31:38] PayPal\Core\PayPalHttpConnection : INFO: POST https://api.sandbox.paypal.com/v1/payments/payment
[29-05-2018 07:31:39] PayPal\Core\PayPalHttpConnection : INFO: Response Status 	: 400
[29-05-2018 07:31:39] PayPal\Core\PayPalHttpConnection : ERROR: Got Http response code 400 when accessing https://api.sandbox.paypal.com/v1/payments/payment. {"name":"VALIDATION_ERROR","details":[{"field":"city","issue":"Value is invalid"},{"field":"state","issue":"Value is invalid"},{"field":"zip","issue":"Value is invalid"}],"message":"Invalid request - see details","information_link":"https://developer.paypal.com/docs/api/payments/#errors","debug_id":"ff1bc9a17c884"}
[29-05-2018 07:32:00] PayPal\Core\PayPalHttpConnection : INFO: POST https://api.sandbox.paypal.com/v1/oauth2/token
[29-05-2018 07:32:01] PayPal\Core\PayPalHttpConnection : INFO: Response Status 	: 200
[29-05-2018 07:32:01] PayPal\Core\PayPalHttpConnection : INFO: POST https://api.sandbox.paypal.com/v1/payments/payment
[29-05-2018 07:32:03] PayPal\Core\PayPalHttpConnection : INFO: Response Status 	: 201
[29-05-2018 07:32:43] PayPal\Core\PayPalHttpConnection : INFO: POST https://api.sandbox.paypal.com/v1/oauth2/token
[29-05-2018 07:32:44] PayPal\Core\PayPalHttpConnection : INFO: Response Status 	: 200
[29-05-2018 07:32:44] PayPal\Core\PayPalHttpConnection : INFO: POST https://api.sandbox.paypal.com/v1/payments/payment
[29-05-2018 07:32:46] PayPal\Core\PayPalHttpConnection : INFO: Response Status 	: 400
[29-05-2018 07:32:46] PayPal\Core\PayPalHttpConnection : ERROR: Got Http response code 400 when accessing https://api.sandbox.paypal.com/v1/payments/payment. {"name":"VALIDATION_ERROR","details":[{"field":"city","issue":"Value is invalid"},{"field":"state","issue":"Value is invalid"},{"field":"zip","issue":"Value is invalid"}],"message":"Invalid request - see details","information_link":"https://developer.paypal.com/docs/api/payments/#errors","debug_id":"f25e4d5221fb"}
[29-05-2018 07:33:27] PayPal\Core\PayPalHttpConnection : INFO: POST https://api.sandbox.paypal.com/v1/oauth2/token
[29-05-2018 07:33:28] PayPal\Core\PayPalHttpConnection : INFO: Response Status 	: 200
[29-05-2018 07:33:28] PayPal\Core\PayPalHttpConnection : INFO: POST https://api.sandbox.paypal.com/v1/payments/payment
[29-05-2018 07:33:30] PayPal\Core\PayPalHttpConnection : INFO: Response Status 	: 201
[29-05-2018 07:33:46] PayPal\Core\PayPalHttpConnection : INFO: POST https://api.sandbox.paypal.com/v1/oauth2/token
[29-05-2018 07:33:48] PayPal\Core\PayPalHttpConnection : INFO: Response Status 	: 200
[29-05-2018 07:33:48] PayPal\Core\PayPalHttpConnection : INFO: POST https://api.sandbox.paypal.com/v1/payments/payment
[29-05-2018 07:33:49] PayPal\Core\PayPalHttpConnection : INFO: Response Status 	: 201
[29-05-2018 07:34:05] PayPal\Core\PayPalHttpConnection : INFO: POST https://api.sandbox.paypal.com/v1/oauth2/token
[29-05-2018 07:34:07] PayPal\Core\PayPalHttpConnection : INFO: Response Status 	: 200
[29-05-2018 07:34:07] PayPal\Core\PayPalHttpConnection : INFO: POST https://api.sandbox.paypal.com/v1/payments/payment
[29-05-2018 07:34:08] PayPal\Core\PayPalHttpConnection : INFO: Response Status 	: 201
[29-05-2018 07:34:26] PayPal\Core\PayPalHttpConnection : INFO: POST https://api.sandbox.paypal.com/v1/oauth2/token
[29-05-2018 07:34:27] PayPal\Core\PayPalHttpConnection : INFO: Response Status 	: 200
[29-05-2018 07:34:27] PayPal\Core\PayPalHttpConnection : INFO: POST https://api.sandbox.paypal.com/v1/payments/payment
[29-05-2018 07:34:29] PayPal\Core\PayPalHttpConnection : INFO: Response Status 	: 400
[29-05-2018 07:34:29] PayPal\Core\PayPalHttpConnection : ERROR: Got Http response code 400 when accessing https://api.sandbox.paypal.com/v1/payments/payment. {"name":"VALIDATION_ERROR","details":[{"field":"transactions[0].item_list.shipping_address","issue":"The specified country requires a postal code"}],"message":"Invalid request - see details","information_link":"https://developer.paypal.com/docs/api/payments/#errors","debug_id":"14f6dc9afb34"}
[29-05-2018 07:41:59] PayPal\Core\PayPalHttpConnection : INFO: POST https://api.sandbox.paypal.com/v1/oauth2/token
[29-05-2018 07:42:00] PayPal\Core\PayPalHttpConnection : INFO: Response Status 	: 200
[29-05-2018 07:42:00] PayPal\Core\PayPalHttpConnection : INFO: POST https://api.sandbox.paypal.com/v1/payments/payment
[29-05-2018 07:42:02] PayPal\Core\PayPalHttpConnection : INFO: Response Status 	: 201
[29-05-2018 07:42:32] PayPal\Core\PayPalHttpConnection : INFO: POST https://api.sandbox.paypal.com/v1/oauth2/token
[29-05-2018 07:42:34] PayPal\Core\PayPalHttpConnection : INFO: Response Status 	: 200
[29-05-2018 07:42:34] PayPal\Core\PayPalHttpConnection : INFO: POST https://api.sandbox.paypal.com/v1/payments/payment
[29-05-2018 07:42:35] PayPal\Core\PayPalHttpConnection : INFO: Response Status 	: 400
[29-05-2018 07:42:35] PayPal\Core\PayPalHttpConnection : ERROR: Got Http response code 400 when accessing https://api.sandbox.paypal.com/v1/payments/payment. {"name":"VALIDATION_ERROR","details":[{"field":"transactions[0].item_list.shipping_address.country_code","issue":"Country code must be 2-character ISO 3166-1 value (upper case)"},{"field":"transactions[0].item_list.shipping_address.country_code","issue":"Required field missing"}],"message":"Invalid request - see details","information_link":"https://developer.paypal.com/docs/api/payments/#errors","debug_id":"844204606dd44"}
[29-05-2018 07:46:04] PayPal\Core\PayPalHttpConnection : INFO: POST https://api.sandbox.paypal.com/v1/oauth2/token
[29-05-2018 07:46:06] PayPal\Core\PayPalHttpConnection : INFO: Response Status 	: 200
[29-05-2018 07:46:06] PayPal\Core\PayPalHttpConnection : INFO: POST https://api.sandbox.paypal.com/v1/payments/payment
[29-05-2018 07:46:08] PayPal\Core\PayPalHttpConnection : INFO: Response Status 	: 201
[29-05-2018 07:47:23] PayPal\Core\PayPalHttpConnection : INFO: POST https://api.sandbox.paypal.com/v1/oauth2/token
[29-05-2018 07:47:24] PayPal\Core\PayPalHttpConnection : INFO: Response Status 	: 200
[29-05-2018 07:47:24] PayPal\Core\PayPalHttpConnection : INFO: POST https://api.sandbox.paypal.com/v1/payments/payment
[29-05-2018 07:47:26] PayPal\Core\PayPalHttpConnection : INFO: Response Status 	: 201
[29-05-2018 07:49:00] PayPal\Core\PayPalHttpConnection : INFO: POST https://api.sandbox.paypal.com/v1/oauth2/token
[29-05-2018 07:49:02] PayPal\Core\PayPalHttpConnection : INFO: Response Status 	: 200
[29-05-2018 07:49:02] PayPal\Core\PayPalHttpConnection : INFO: POST https://api.sandbox.paypal.com/v1/payments/payment
[29-05-2018 07:49:04] PayPal\Core\PayPalHttpConnection : INFO: Response Status 	: 201
[29-05-2018 07:54:02] PayPal\Core\PayPalHttpConnection : INFO: POST https://api.sandbox.paypal.com/v1/oauth2/token
[29-05-2018 07:54:04] PayPal\Core\PayPalHttpConnection : INFO: Response Status 	: 200
[29-05-2018 07:54:04] PayPal\Core\PayPalHttpConnection : INFO: POST https://api.sandbox.paypal.com/v1/payments/payment
[29-05-2018 07:54:05] PayPal\Core\PayPalHttpConnection : INFO: Response Status 	: 400
[29-05-2018 07:54:05] PayPal\Core\PayPalHttpConnection : ERROR: Got Http response code 400 when accessing https://api.sandbox.paypal.com/v1/payments/payment. {"name":"VALIDATION_ERROR","details":[{"field":"transactions[0]","issue":"Item amount must add up to specified amount subtotal (or total if amount details not specified)"}],"message":"Invalid request - see details","information_link":"https://developer.paypal.com/docs/api/payments/#errors","debug_id":"5b41172b35135"}
[29-05-2018 08:24:50] PayPal\Core\PayPalHttpConnection : INFO: POST https://api.sandbox.paypal.com/v1/oauth2/token
[29-05-2018 08:24:51] PayPal\Core\PayPalHttpConnection : INFO: Response Status 	: 200
[29-05-2018 08:24:51] PayPal\Core\PayPalHttpConnection : INFO: POST https://api.sandbox.paypal.com/v1/payments/payment
[29-05-2018 08:24:53] PayPal\Core\PayPalHttpConnection : INFO: Response Status 	: 201
[29-05-2018 09:08:11] PayPal\Core\PayPalHttpConnection : INFO: POST https://api.sandbox.paypal.com/v1/oauth2/token
[29-05-2018 09:08:13] PayPal\Core\PayPalHttpConnection : INFO: Response Status 	: 200
[29-05-2018 09:08:13] PayPal\Core\PayPalHttpConnection : INFO: POST https://api.sandbox.paypal.com/v1/payments/payment
[29-05-2018 09:08:14] PayPal\Core\PayPalHttpConnection : INFO: Response Status 	: 400
[29-05-2018 09:08:14] PayPal\Core\PayPalHttpConnection : ERROR: Got Http response code 400 when accessing https://api.sandbox.paypal.com/v1/payments/payment. {"name":"VALIDATION_ERROR","details":[{"field":"transactions[0]","issue":"Item amount must add up to specified amount subtotal (or total if amount details not specified)"}],"message":"Invalid request - see details","information_link":"https://developer.paypal.com/docs/api/payments/#errors","debug_id":"129576c2b4146"}
[29-05-2018 09:15:39] PayPal\Core\PayPalHttpConnection : INFO: POST https://api.sandbox.paypal.com/v1/oauth2/token
[29-05-2018 09:15:41] PayPal\Core\PayPalHttpConnection : INFO: Response Status 	: 200
[29-05-2018 09:15:41] PayPal\Core\PayPalHttpConnection : INFO: POST https://api.sandbox.paypal.com/v1/payments/payment
[29-05-2018 09:15:43] PayPal\Core\PayPalHttpConnection : INFO: Response Status 	: 201
[29-05-2018 10:44:29] PayPal\Core\PayPalHttpConnection : INFO: POST https://api.sandbox.paypal.com/v1/oauth2/token
[29-05-2018 10:44:31] PayPal\Core\PayPalHttpConnection : INFO: Response Status 	: 200
[29-05-2018 10:44:31] PayPal\Core\PayPalHttpConnection : INFO: POST https://api.sandbox.paypal.com/v1/payments/payment
[29-05-2018 10:44:33] PayPal\Core\PayPalHttpConnection : INFO: Response Status 	: 201
[29-05-2018 10:45:18] PayPal\Core\PayPalHttpConnection : INFO: POST https://api.sandbox.paypal.com/v1/oauth2/token
[29-05-2018 10:45:20] PayPal\Core\PayPalHttpConnection : INFO: Response Status 	: 200
[29-05-2018 10:45:20] PayPal\Core\PayPalHttpConnection : INFO: POST https://api.sandbox.paypal.com/v1/payments/payment
[29-05-2018 10:45:22] PayPal\Core\PayPalHttpConnection : INFO: Response Status 	: 201
[29-05-2018 10:45:41] PayPal\Core\PayPalHttpConnection : INFO: POST https://api.sandbox.paypal.com/v1/oauth2/token
[29-05-2018 10:45:43] PayPal\Core\PayPalHttpConnection : INFO: Response Status 	: 200
[29-05-2018 10:45:43] PayPal\Core\PayPalHttpConnection : INFO: POST https://api.sandbox.paypal.com/v1/payments/payment
[29-05-2018 10:45:45] PayPal\Core\PayPalHttpConnection : INFO: Response Status 	: 201
[29-05-2018 10:45:59] PayPal\Core\PayPalHttpConnection : INFO: POST https://api.sandbox.paypal.com/v1/oauth2/token
[29-05-2018 10:46:01] PayPal\Core\PayPalHttpConnection : INFO: Response Status 	: 200
[29-05-2018 10:46:01] PayPal\Core\PayPalHttpConnection : INFO: POST https://api.sandbox.paypal.com/v1/payments/payment
[29-05-2018 10:46:02] PayPal\Core\PayPalHttpConnection : INFO: Response Status 	: 201
[29-05-2018 10:50:35] PayPal\Core\PayPalHttpConnection : INFO: POST https://api.sandbox.paypal.com/v1/oauth2/token
[29-05-2018 10:50:37] PayPal\Core\PayPalHttpConnection : INFO: Response Status 	: 200
[29-05-2018 10:50:37] PayPal\Core\PayPalHttpConnection : INFO: POST https://api.sandbox.paypal.com/v1/payments/payment
[29-05-2018 10:50:39] PayPal\Core\PayPalHttpConnection : INFO: Response Status 	: 201
[29-05-2018 10:51:06] PayPal\Core\PayPalHttpConnection : INFO: POST https://api.sandbox.paypal.com/v1/oauth2/token
[29-05-2018 10:51:07] PayPal\Core\PayPalHttpConnection : INFO: Response Status 	: 200
[29-05-2018 10:51:07] PayPal\Core\PayPalHttpConnection : INFO: POST https://api.sandbox.paypal.com/v1/payments/payment
[29-05-2018 10:51:09] PayPal\Core\PayPalHttpConnection : INFO: Response Status 	: 201
[29-05-2018 11:00:25] PayPal\Core\PayPalHttpConnection : INFO: POST https://api.sandbox.paypal.com/v1/oauth2/token
[29-05-2018 11:00:34] PayPal\Core\PayPalHttpConnection : INFO: Response Status 	: 200
[29-05-2018 11:00:34] PayPal\Core\PayPalHttpConnection : INFO: POST https://api.sandbox.paypal.com/v1/payments/payment
[29-05-2018 11:00:36] PayPal\Core\PayPalHttpConnection : INFO: Response Status 	: 201
[29-05-2018 11:00:43] PayPal\Core\PayPalHttpConnection : INFO: POST https://api.sandbox.paypal.com/v1/oauth2/token
[29-05-2018 11:00:44] PayPal\Core\PayPalHttpConnection : INFO: Response Status 	: 200
[29-05-2018 11:00:44] PayPal\Core\PayPalHttpConnection : INFO: POST https://api.sandbox.paypal.com/v1/payments/payment
[29-05-2018 11:00:46] PayPal\Core\PayPalHttpConnection : INFO: Response Status 	: 201
[29-05-2018 11:04:38] PayPal\Core\PayPalHttpConnection : INFO: POST https://api.sandbox.paypal.com/v1/oauth2/token
[29-05-2018 11:04:40] PayPal\Core\PayPalHttpConnection : INFO: Response Status 	: 200
[29-05-2018 11:04:40] PayPal\Core\PayPalHttpConnection : INFO: POST https://api.sandbox.paypal.com/v1/payments/payment
[29-05-2018 11:04:45] PayPal\Core\PayPalHttpConnection : INFO: Response Status 	: 201
[29-05-2018 11:16:51] PayPal\Core\PayPalHttpConnection : INFO: POST https://api.sandbox.paypal.com/v1/oauth2/token
[29-05-2018 11:16:53] PayPal\Core\PayPalHttpConnection : INFO: Response Status 	: 200
[29-05-2018 11:16:53] PayPal\Core\PayPalHttpConnection : INFO: POST https://api.sandbox.paypal.com/v1/payments/payment
[29-05-2018 11:16:54] PayPal\Core\PayPalHttpConnection : INFO: Response Status 	: 201
[29-05-2018 11:19:11] PayPal\Core\PayPalHttpConnection : INFO: POST https://api.sandbox.paypal.com/v1/oauth2/token
[29-05-2018 11:19:13] PayPal\Core\PayPalHttpConnection : INFO: Response Status 	: 200
[29-05-2018 11:19:13] PayPal\Core\PayPalHttpConnection : INFO: POST https://api.sandbox.paypal.com/v1/payments/payment
[29-05-2018 11:19:15] PayPal\Core\PayPalHttpConnection : INFO: Response Status 	: 201
[29-05-2018 11:20:44] PayPal\Core\PayPalHttpConnection : INFO: POST https://api.sandbox.paypal.com/v1/oauth2/token
[29-05-2018 11:20:46] PayPal\Core\PayPalHttpConnection : INFO: Response Status 	: 200
[29-05-2018 11:20:46] PayPal\Core\PayPalHttpConnection : INFO: POST https://api.sandbox.paypal.com/v1/payments/payment
[29-05-2018 11:20:47] PayPal\Core\PayPalHttpConnection : INFO: Response Status 	: 201
[29-05-2018 11:21:42] PayPal\Core\PayPalHttpConnection : INFO: POST https://api.sandbox.paypal.com/v1/oauth2/token
[29-05-2018 11:21:44] PayPal\Core\PayPalHttpConnection : INFO: Response Status 	: 200
[29-05-2018 11:21:44] PayPal\Core\PayPalHttpConnection : INFO: POST https://api.sandbox.paypal.com/v1/payments/payment
[29-05-2018 11:21:46] PayPal\Core\PayPalHttpConnection : INFO: Response Status 	: 201
[29-05-2018 11:21:46] PayPal\Core\PayPalHttpConnection : INFO: POST https://api.sandbox.paypal.com/v1/oauth2/token
[29-05-2018 11:21:48] PayPal\Core\PayPalHttpConnection : INFO: Response Status 	: 200
[29-05-2018 11:21:48] PayPal\Core\PayPalHttpConnection : INFO: POST https://api.sandbox.paypal.com/v1/payments/payment
[29-05-2018 11:21:50] PayPal\Core\PayPalHttpConnection : INFO: Response Status 	: 201
[29-05-2018 11:21:50] PayPal\Core\PayPalHttpConnection : INFO: POST https://api.sandbox.paypal.com/v1/oauth2/token
[29-05-2018 11:21:51] PayPal\Core\PayPalHttpConnection : INFO: Response Status 	: 200
[29-05-2018 11:21:51] PayPal\Core\PayPalHttpConnection : INFO: POST https://api.sandbox.paypal.com/v1/payments/payment
[29-05-2018 11:21:53] PayPal\Core\PayPalHttpConnection : INFO: Response Status 	: 201
[29-05-2018 11:24:44] PayPal\Core\PayPalHttpConnection : INFO: POST https://api.sandbox.paypal.com/v1/oauth2/token
[29-05-2018 11:24:46] PayPal\Core\PayPalHttpConnection : INFO: Response Status 	: 200
[29-05-2018 11:24:46] PayPal\Core\PayPalHttpConnection : INFO: POST https://api.sandbox.paypal.com/v1/payments/payment
[29-05-2018 11:24:48] PayPal\Core\PayPalHttpConnection : INFO: Response Status 	: 201
[29-05-2018 11:26:58] PayPal\Core\PayPalHttpConnection : INFO: POST https://api.sandbox.paypal.com/v1/oauth2/token
[29-05-2018 11:26:59] PayPal\Core\PayPalHttpConnection : INFO: Response Status 	: 200
[29-05-2018 11:26:59] PayPal\Core\PayPalHttpConnection : INFO: POST https://api.sandbox.paypal.com/v1/payments/payment
[29-05-2018 11:27:01] PayPal\Core\PayPalHttpConnection : INFO: Response Status 	: 201
[29-05-2018 11:28:46] PayPal\Core\PayPalHttpConnection : INFO: POST https://api.sandbox.paypal.com/v1/oauth2/token
[29-05-2018 11:28:47] PayPal\Core\PayPalHttpConnection : INFO: Response Status 	: 200
[29-05-2018 11:28:47] PayPal\Core\PayPalHttpConnection : INFO: POST https://api.sandbox.paypal.com/v1/payments/payment
[29-05-2018 11:28:49] PayPal\Core\PayPalHttpConnection : INFO: Response Status 	: 201
[29-05-2018 11:31:49] PayPal\Core\PayPalHttpConnection : INFO: POST https://api.sandbox.paypal.com/v1/oauth2/token
[29-05-2018 11:31:51] PayPal\Core\PayPalHttpConnection : INFO: Response Status 	: 200
[29-05-2018 11:31:51] PayPal\Core\PayPalHttpConnection : INFO: POST https://api.sandbox.paypal.com/v1/payments/payment
[29-05-2018 11:31:52] PayPal\Core\PayPalHttpConnection : INFO: Response Status 	: 400
[29-05-2018 11:31:52] PayPal\Core\PayPalHttpConnection : ERROR: Got Http response code 400 when accessing https://api.sandbox.paypal.com/v1/payments/payment. {"name":"VALIDATION_ERROR","details":[{"field":"transactions[0].amount","issue":"Transaction amount details (subtotal, tax, shipping) must add up to specified amount total"}],"message":"Invalid request - see details","information_link":"https://developer.paypal.com/docs/api/payments/#errors","debug_id":"caafdd99a8c40"}
[29-05-2018 11:32:41] PayPal\Core\PayPalHttpConnection : INFO: POST https://api.sandbox.paypal.com/v1/oauth2/token
[29-05-2018 11:32:44] PayPal\Core\PayPalHttpConnection : INFO: Response Status 	: 200
[29-05-2018 11:32:44] PayPal\Core\PayPalHttpConnection : INFO: POST https://api.sandbox.paypal.com/v1/payments/payment
[29-05-2018 11:32:46] PayPal\Core\PayPalHttpConnection : INFO: Response Status 	: 400
[29-05-2018 11:32:46] PayPal\Core\PayPalHttpConnection : ERROR: Got Http response code 400 when accessing https://api.sandbox.paypal.com/v1/payments/payment. {"name":"VALIDATION_ERROR","details":[{"field":"transactions[0].amount","issue":"Transaction amount details (subtotal, tax, shipping) must add up to specified amount total"}],"message":"Invalid request - see details","information_link":"https://developer.paypal.com/docs/api/payments/#errors","debug_id":"2d6a3ed211ab0"}
[29-05-2018 11:41:28] PayPal\Core\PayPalHttpConnection : INFO: POST https://api.sandbox.paypal.com/v1/oauth2/token
[29-05-2018 11:41:31] PayPal\Core\PayPalHttpConnection : INFO: Response Status 	: 200
[29-05-2018 11:41:31] PayPal\Core\PayPalHttpConnection : INFO: POST https://api.sandbox.paypal.com/v1/payments/payment
[29-05-2018 11:41:33] PayPal\Core\PayPalHttpConnection : INFO: Response Status 	: 201
[29-05-2018 11:46:04] PayPal\Core\PayPalHttpConnection : INFO: POST https://api.sandbox.paypal.com/v1/oauth2/token
[29-05-2018 11:46:06] PayPal\Core\PayPalHttpConnection : INFO: Response Status 	: 200
[29-05-2018 11:46:06] PayPal\Core\PayPalHttpConnection : INFO: POST https://api.sandbox.paypal.com/v1/payments/payment
[29-05-2018 11:46:07] PayPal\Core\PayPalHttpConnection : INFO: Response Status 	: 201
[29-05-2018 11:54:34] PayPal\Core\PayPalHttpConnection : INFO: POST https://api.sandbox.paypal.com/v1/oauth2/token
[29-05-2018 11:54:36] PayPal\Core\PayPalHttpConnection : INFO: Response Status 	: 200
[29-05-2018 11:54:36] PayPal\Core\PayPalHttpConnection : INFO: POST https://api.sandbox.paypal.com/v1/payments/payment
[29-05-2018 11:54:39] PayPal\Core\PayPalHttpConnection : INFO: Response Status 	: 201
[29-05-2018 12:13:40] PayPal\Core\PayPalHttpConnection : INFO: POST https://api.sandbox.paypal.com/v1/oauth2/token
[29-05-2018 12:13:42] PayPal\Core\PayPalHttpConnection : INFO: Response Status 	: 200
[29-05-2018 12:13:42] PayPal\Core\PayPalHttpConnection : INFO: POST https://api.sandbox.paypal.com/v1/payments/payment
[29-05-2018 12:13:43] PayPal\Core\PayPalHttpConnection : INFO: Response Status 	: 201
[29-05-2018 12:18:24] PayPal\Core\PayPalHttpConnection : INFO: POST https://api.sandbox.paypal.com/v1/oauth2/token
[29-05-2018 12:18:28] PayPal\Core\PayPalHttpConnection : INFO: Response Status 	: 200
[29-05-2018 12:18:28] PayPal\Core\PayPalHttpConnection : INFO: POST https://api.sandbox.paypal.com/v1/payments/payment
[29-05-2018 12:18:30] PayPal\Core\PayPalHttpConnection : INFO: Response Status 	: 201
[29-05-2018 12:21:22] PayPal\Core\PayPalHttpConnection : INFO: POST https://api.sandbox.paypal.com/v1/oauth2/token
[29-05-2018 12:21:23] PayPal\Core\PayPalHttpConnection : INFO: Response Status 	: 200
[29-05-2018 12:21:23] PayPal\Core\PayPalHttpConnection : INFO: POST https://api.sandbox.paypal.com/v1/payments/payment
[29-05-2018 12:21:25] PayPal\Core\PayPalHttpConnection : INFO: Response Status 	: 201
[29-05-2018 12:22:07] PayPal\Core\PayPalHttpConnection : INFO: POST https://api.sandbox.paypal.com/v1/oauth2/token
[29-05-2018 12:22:09] PayPal\Core\PayPalHttpConnection : INFO: Response Status 	: 200
[29-05-2018 12:22:09] PayPal\Core\PayPalHttpConnection : INFO: POST https://api.sandbox.paypal.com/v1/payments/payment
[29-05-2018 12:22:11] PayPal\Core\PayPalHttpConnection : INFO: Response Status 	: 201
[29-05-2018 12:22:21] PayPal\Core\PayPalHttpConnection : INFO: POST https://api.sandbox.paypal.com/v1/oauth2/token
[29-05-2018 12:22:23] PayPal\Core\PayPalHttpConnection : INFO: Response Status 	: 200
[29-05-2018 12:22:23] PayPal\Core\PayPalHttpConnection : INFO: POST https://api.sandbox.paypal.com/v1/payments/payment
[29-05-2018 12:22:25] PayPal\Core\PayPalHttpConnection : INFO: Response Status 	: 201
[29-05-2018 12:22:35] PayPal\Core\PayPalHttpConnection : INFO: POST https://api.sandbox.paypal.com/v1/oauth2/token
[29-05-2018 12:22:36] PayPal\Core\PayPalHttpConnection : INFO: Response Status 	: 200
[29-05-2018 12:22:36] PayPal\Core\PayPalHttpConnection : INFO: POST https://api.sandbox.paypal.com/v1/payments/payment
[29-05-2018 12:22:38] PayPal\Core\PayPalHttpConnection : INFO: Response Status 	: 201
[29-05-2018 12:22:45] PayPal\Core\PayPalHttpConnection : INFO: POST https://api.sandbox.paypal.com/v1/oauth2/token
[29-05-2018 12:22:46] PayPal\Core\PayPalHttpConnection : INFO: Response Status 	: 200
[29-05-2018 12:22:46] PayPal\Core\PayPalHttpConnection : INFO: POST https://api.sandbox.paypal.com/v1/payments/payment
[29-05-2018 12:22:48] PayPal\Core\PayPalHttpConnection : INFO: Response Status 	: 201
[29-05-2018 12:22:57] PayPal\Core\PayPalHttpConnection : INFO: POST https://api.sandbox.paypal.com/v1/oauth2/token
[29-05-2018 12:23:01] PayPal\Core\PayPalHttpConnection : INFO: Response Status 	: 200
[29-05-2018 12:23:01] PayPal\Core\PayPalHttpConnection : INFO: POST https://api.sandbox.paypal.com/v1/payments/payment
[29-05-2018 12:23:03] PayPal\Core\PayPalHttpConnection : INFO: Response Status 	: 201
[29-05-2018 12:31:36] PayPal\Core\PayPalHttpConnection : INFO: POST https://api.sandbox.paypal.com/v1/oauth2/token
[29-05-2018 12:31:37] PayPal\Core\PayPalHttpConnection : INFO: Response Status 	: 200
[29-05-2018 12:31:37] PayPal\Core\PayPalHttpConnection : INFO: POST https://api.sandbox.paypal.com/v1/payments/payment
[29-05-2018 12:31:39] PayPal\Core\PayPalHttpConnection : INFO: Response Status 	: 201
[29-05-2018 12:32:29] PayPal\Core\PayPalHttpConnection : INFO: POST https://api.sandbox.paypal.com/v1/oauth2/token
[29-05-2018 12:32:31] PayPal\Core\PayPalHttpConnection : INFO: Response Status 	: 200
[29-05-2018 12:32:31] PayPal\Core\PayPalHttpConnection : INFO: POST https://api.sandbox.paypal.com/v1/payments/payment
[29-05-2018 12:32:33] PayPal\Core\PayPalHttpConnection : INFO: Response Status 	: 201
[29-05-2018 12:34:09] PayPal\Core\PayPalHttpConnection : INFO: POST https://api.sandbox.paypal.com/v1/oauth2/token
[29-05-2018 12:34:11] PayPal\Core\PayPalHttpConnection : INFO: Response Status 	: 200
[29-05-2018 12:34:11] PayPal\Core\PayPalHttpConnection : INFO: POST https://api.sandbox.paypal.com/v1/payments/payment
[29-05-2018 12:34:12] PayPal\Core\PayPalHttpConnection : INFO: Response Status 	: 201
[29-05-2018 01:57:59] PayPal\Core\PayPalHttpConnection : INFO: POST https://api.sandbox.paypal.com/v1/oauth2/token
[29-05-2018 01:58:00] PayPal\Core\PayPalHttpConnection : INFO: Response Status 	: 200
[29-05-2018 01:58:00] PayPal\Core\PayPalHttpConnection : INFO: POST https://api.sandbox.paypal.com/v1/payments/payment
[29-05-2018 01:58:02] PayPal\Core\PayPalHttpConnection : INFO: Response Status 	: 201
[29-05-2018 01:59:11] PayPal\Core\PayPalHttpConnection : INFO: POST https://api.sandbox.paypal.com/v1/oauth2/token
[29-05-2018 01:59:13] PayPal\Core\PayPalHttpConnection : INFO: Response Status 	: 200
[29-05-2018 01:59:13] PayPal\Core\PayPalHttpConnection : INFO: GET https://api.sandbox.paypal.com/v1/payments/payment/PAY-6D716016P8342562JLMGVY2Q
[29-05-2018 01:59:14] PayPal\Core\PayPalHttpConnection : INFO: Response Status 	: 200
[29-05-2018 02:02:32] PayPal\Core\PayPalHttpConnection : INFO: POST https://api.sandbox.paypal.com/v1/oauth2/token
[29-05-2018 02:02:34] PayPal\Core\PayPalHttpConnection : INFO: Response Status 	: 200
[29-05-2018 02:02:34] PayPal\Core\PayPalHttpConnection : INFO: POST https://api.sandbox.paypal.com/v1/payments/payment
[29-05-2018 02:02:36] PayPal\Core\PayPalHttpConnection : INFO: Response Status 	: 201
[29-05-2018 02:02:55] PayPal\Core\PayPalHttpConnection : INFO: POST https://api.sandbox.paypal.com/v1/oauth2/token
[29-05-2018 02:02:56] PayPal\Core\PayPalHttpConnection : INFO: Response Status 	: 200
[29-05-2018 02:02:56] PayPal\Core\PayPalHttpConnection : INFO: GET https://api.sandbox.paypal.com/v1/payments/payment/PAY-0EU61311KH6671513LMGV27A
[29-05-2018 02:02:58] PayPal\Core\PayPalHttpConnection : INFO: Response Status 	: 200
[29-05-2018 02:06:13] PayPal\Core\PayPalHttpConnection : INFO: POST https://api.sandbox.paypal.com/v1/oauth2/token
[29-05-2018 02:06:15] PayPal\Core\PayPalHttpConnection : INFO: Response Status 	: 200
[29-05-2018 02:06:15] PayPal\Core\PayPalHttpConnection : INFO: POST https://api.sandbox.paypal.com/v1/payments/payment
[29-05-2018 02:06:17] PayPal\Core\PayPalHttpConnection : INFO: Response Status 	: 201
[29-05-2018 02:06:37] PayPal\Core\PayPalHttpConnection : INFO: POST https://api.sandbox.paypal.com/v1/oauth2/token
[29-05-2018 02:06:38] PayPal\Core\PayPalHttpConnection : INFO: Response Status 	: 200
[29-05-2018 02:06:38] PayPal\Core\PayPalHttpConnection : INFO: GET https://api.sandbox.paypal.com/v1/payments/payment/PAY-7GA43885ND012971BLMGV4WI
[29-05-2018 02:06:40] PayPal\Core\PayPalHttpConnection : INFO: Response Status 	: 200
[29-05-2018 02:07:41] PayPal\Core\PayPalHttpConnection : INFO: POST https://api.sandbox.paypal.com/v1/oauth2/token
[29-05-2018 02:07:42] PayPal\Core\PayPalHttpConnection : INFO: Response Status 	: 200
[29-05-2018 02:07:42] PayPal\Core\PayPalHttpConnection : INFO: POST https://api.sandbox.paypal.com/v1/payments/payment
[29-05-2018 02:07:44] PayPal\Core\PayPalHttpConnection : INFO: Response Status 	: 201
[29-05-2018 02:08:09] PayPal\Core\PayPalHttpConnection : INFO: POST https://api.sandbox.paypal.com/v1/oauth2/token
[29-05-2018 02:08:11] PayPal\Core\PayPalHttpConnection : INFO: Response Status 	: 200
[29-05-2018 02:08:11] PayPal\Core\PayPalHttpConnection : INFO: GET https://api.sandbox.paypal.com/v1/payments/payment/PAY-38N72563A28635914LMGV5MA
[29-05-2018 02:08:12] PayPal\Core\PayPalHttpConnection : INFO: Response Status 	: 200
[29-05-2018 02:18:31] PayPal\Core\PayPalHttpConnection : INFO: POST https://api.sandbox.paypal.com/v1/oauth2/token
[29-05-2018 02:18:33] PayPal\Core\PayPalHttpConnection : INFO: Response Status 	: 200
[29-05-2018 02:18:33] PayPal\Core\PayPalHttpConnection : INFO: POST https://api.sandbox.paypal.com/v1/payments/payment
[29-05-2018 02:18:35] PayPal\Core\PayPalHttpConnection : INFO: Response Status 	: 201
[29-05-2018 02:19:13] PayPal\Core\PayPalHttpConnection : INFO: POST https://api.sandbox.paypal.com/v1/oauth2/token
[29-05-2018 02:19:14] PayPal\Core\PayPalHttpConnection : INFO: Response Status 	: 200
[29-05-2018 02:19:14] PayPal\Core\PayPalHttpConnection : INFO: GET https://api.sandbox.paypal.com/v1/payments/payment/PAY-6HP92938SK290742PLMGWCOY
[29-05-2018 02:19:16] PayPal\Core\PayPalHttpConnection : INFO: Response Status 	: 200
[29-05-2018 02:21:43] PayPal\Core\PayPalHttpConnection : INFO: POST https://api.sandbox.paypal.com/v1/oauth2/token
[29-05-2018 02:21:45] PayPal\Core\PayPalHttpConnection : INFO: Response Status 	: 200
[29-05-2018 02:21:45] PayPal\Core\PayPalHttpConnection : INFO: GET https://api.sandbox.paypal.com/v1/payments/payment/PAY-6HP92938SK290742PLMGWCOY
[29-05-2018 02:21:46] PayPal\Core\PayPalHttpConnection : INFO: Response Status 	: 200
[29-05-2018 02:27:10] PayPal\Core\PayPalHttpConnection : INFO: POST https://api.sandbox.paypal.com/v1/oauth2/token
[29-05-2018 02:27:11] PayPal\Core\PayPalHttpConnection : INFO: Response Status 	: 200
[29-05-2018 02:27:11] PayPal\Core\PayPalHttpConnection : INFO: POST https://api.sandbox.paypal.com/v1/payments/payment
[29-05-2018 02:27:13] PayPal\Core\PayPalHttpConnection : INFO: Response Status 	: 201
[29-05-2018 02:27:41] PayPal\Core\PayPalHttpConnection : INFO: POST https://api.sandbox.paypal.com/v1/oauth2/token
[29-05-2018 02:27:43] PayPal\Core\PayPalHttpConnection : INFO: Response Status 	: 200
[29-05-2018 02:27:43] PayPal\Core\PayPalHttpConnection : INFO: GET https://api.sandbox.paypal.com/v1/payments/payment/PAY-5UG91598MN367221LLMGWGQI
[29-05-2018 02:27:44] PayPal\Core\PayPalHttpConnection : INFO: Response Status 	: 200
[29-05-2018 02:31:13] PayPal\Core\PayPalHttpConnection : INFO: POST https://api.sandbox.paypal.com/v1/oauth2/token
[29-05-2018 02:31:15] PayPal\Core\PayPalHttpConnection : INFO: Response Status 	: 200
[29-05-2018 02:31:15] PayPal\Core\PayPalHttpConnection : INFO: POST https://api.sandbox.paypal.com/v1/payments/payment
[29-05-2018 02:31:16] PayPal\Core\PayPalHttpConnection : INFO: Response Status 	: 201
[31-05-2018 06:24:23] PayPal\Core\PayPalHttpConnection : INFO: POST https://api.sandbox.paypal.com/v1/oauth2/token
[31-05-2018 06:24:27] PayPal\Core\PayPalHttpConnection : INFO: Response Status 	: 200
[31-05-2018 06:24:27] PayPal\Core\PayPalHttpConnection : INFO: POST https://api.sandbox.paypal.com/v1/payments/payment
[31-05-2018 06:24:29] PayPal\Core\PayPalHttpConnection : INFO: Response Status 	: 201
[31-05-2018 09:19:50] PayPal\Core\PayPalHttpConnection : INFO: POST https://api.sandbox.paypal.com/v1/oauth2/token
[31-05-2018 09:19:53] PayPal\Core\PayPalHttpConnection : INFO: Response Status 	: 200
[31-05-2018 09:19:53] PayPal\Core\PayPalHttpConnection : INFO: POST https://api.sandbox.paypal.com/v1/payments/payment
[31-05-2018 09:19:54] PayPal\Core\PayPalHttpConnection : INFO: Response Status 	: 201
[31-05-2018 10:40:12] PayPal\Core\PayPalHttpConnection : INFO: POST https://api.sandbox.paypal.com/v1/oauth2/token
[31-05-2018 10:40:14] PayPal\Core\PayPalHttpConnection : INFO: Response Status 	: 200
[31-05-2018 10:40:14] PayPal\Core\PayPalHttpConnection : INFO: POST https://api.sandbox.paypal.com/v1/payments/payment
[31-05-2018 10:40:16] PayPal\Core\PayPalHttpConnection : INFO: Response Status 	: 201
[04-06-2018 02:16:03] PayPal\Core\PayPalHttpConnection : INFO: POST https://api.sandbox.paypal.com/v1/oauth2/token
[04-06-2018 02:16:05] PayPal\Core\PayPalHttpConnection : INFO: Response Status 	: 200
[04-06-2018 02:16:05] PayPal\Core\PayPalHttpConnection : INFO: POST https://api.sandbox.paypal.com/v1/payments/payment
[04-06-2018 02:16:07] PayPal\Core\PayPalHttpConnection : INFO: Response Status 	: 201
[07-06-2018 01:41:54] PayPal\Core\PayPalHttpConnection : INFO: POST https://api.sandbox.paypal.com/v1/oauth2/token
[07-06-2018 01:41:58] PayPal\Core\PayPalHttpConnection : INFO: Response Status 	: 200
[07-06-2018 01:41:58] PayPal\Core\PayPalHttpConnection : INFO: POST https://api.sandbox.paypal.com/v1/payments/payment
[07-06-2018 01:42:00] PayPal\Core\PayPalHttpConnection : INFO: Response Status 	: 201
[07-06-2018 01:51:41] PayPal\Core\PayPalHttpConnection : INFO: POST https://api.sandbox.paypal.com/v1/oauth2/token
[07-06-2018 01:51:43] PayPal\Core\PayPalHttpConnection : INFO: Response Status 	: 200
[07-06-2018 01:51:43] PayPal\Core\PayPalHttpConnection : INFO: GET https://api.sandbox.paypal.com/v1/payments/payment/PAY-5WS23673WT926345MLMMTMKA
[07-06-2018 01:51:44] PayPal\Core\PayPalHttpConnection : INFO: Response Status 	: 200
[07-06-2018 02:03:02] PayPal\Core\PayPalHttpConnection : INFO: POST https://api.sandbox.paypal.com/v1/oauth2/token
[07-06-2018 02:03:04] PayPal\Core\PayPalHttpConnection : INFO: Response Status 	: 200
[07-06-2018 02:03:04] PayPal\Core\PayPalHttpConnection : INFO: POST https://api.sandbox.paypal.com/v1/payments/payment
[07-06-2018 02:03:06] PayPal\Core\PayPalHttpConnection : INFO: Response Status 	: 201
[07-06-2018 02:22:32] PayPal\Core\PayPalHttpConnection : INFO: POST https://api.sandbox.paypal.com/v1/oauth2/token
[07-06-2018 02:22:33] PayPal\Core\PayPalHttpConnection : INFO: Response Status 	: 200
[07-06-2018 02:22:33] PayPal\Core\PayPalHttpConnection : INFO: POST https://api.sandbox.paypal.com/v1/payments/payment
[07-06-2018 02:22:37] PayPal\Core\PayPalHttpConnection : INFO: Response Status 	: 201
[07-06-2018 02:37:59] PayPal\Core\PayPalHttpConnection : INFO: POST https://api.sandbox.paypal.com/v1/oauth2/token
[07-06-2018 02:38:01] PayPal\Core\PayPalHttpConnection : INFO: Response Status 	: 200
[07-06-2018 02:38:01] PayPal\Core\PayPalHttpConnection : INFO: POST https://api.sandbox.paypal.com/v1/payments/payment
[07-06-2018 02:38:03] PayPal\Core\PayPalHttpConnection : INFO: Response Status 	: 201
[07-06-2018 02:42:29] PayPal\Core\PayPalHttpConnection : INFO: POST https://api.sandbox.paypal.com/v1/oauth2/token
[07-06-2018 02:42:30] PayPal\Core\PayPalHttpConnection : INFO: Response Status 	: 200
[07-06-2018 02:42:30] PayPal\Core\PayPalHttpConnection : INFO: POST https://api.sandbox.paypal.com/v1/payments/payment
[07-06-2018 02:42:32] PayPal\Core\PayPalHttpConnection : INFO: Response Status 	: 201
[07-06-2018 03:47:58] PayPal\Core\PayPalHttpConnection : INFO: POST https://api.sandbox.paypal.com/v1/oauth2/token
[07-06-2018 03:48:00] PayPal\Core\PayPalHttpConnection : INFO: Response Status 	: 200
[07-06-2018 03:48:00] PayPal\Core\PayPalHttpConnection : INFO: POST https://api.sandbox.paypal.com/v1/payments/payment
[07-06-2018 03:48:02] PayPal\Core\PayPalHttpConnection : INFO: Response Status 	: 201
[07-06-2018 04:00:43] PayPal\Core\PayPalHttpConnection : INFO: POST https://api.sandbox.paypal.com/v1/oauth2/token
[07-06-2018 04:00:46] PayPal\Core\PayPalHttpConnection : INFO: Response Status 	: 200
[07-06-2018 04:00:46] PayPal\Core\PayPalHttpConnection : INFO: GET https://api.sandbox.paypal.com/v1/payments/payment/PAY-7E172036EU807110FLMMVHMI
[07-06-2018 04:00:48] PayPal\Core\PayPalHttpConnection : INFO: Response Status 	: 200
[07-06-2018 04:01:29] PayPal\Core\PayPalHttpConnection : INFO: POST https://api.sandbox.paypal.com/v1/oauth2/token
[07-06-2018 04:01:31] PayPal\Core\PayPalHttpConnection : INFO: Response Status 	: 200
[07-06-2018 04:01:31] PayPal\Core\PayPalHttpConnection : INFO: GET https://api.sandbox.paypal.com/v1/payments/payment/PAY-7E172036EU807110FLMMVHMI
[07-06-2018 04:01:32] PayPal\Core\PayPalHttpConnection : INFO: Response Status 	: 200
[07-06-2018 04:01:47] PayPal\Core\PayPalHttpConnection : INFO: POST https://api.sandbox.paypal.com/v1/oauth2/token
[07-06-2018 04:01:48] PayPal\Core\PayPalHttpConnection : INFO: Response Status 	: 200
[07-06-2018 04:01:48] PayPal\Core\PayPalHttpConnection : INFO: GET https://api.sandbox.paypal.com/v1/payments/payment/PAY-7E172036EU807110FLMMVHMI
[07-06-2018 04:01:51] PayPal\Core\PayPalHttpConnection : INFO: Response Status 	: 200
[07-06-2018 04:03:35] PayPal\Core\PayPalHttpConnection : INFO: POST https://api.sandbox.paypal.com/v1/oauth2/token
[07-06-2018 04:03:36] PayPal\Core\PayPalHttpConnection : INFO: Response Status 	: 200
[07-06-2018 04:03:36] PayPal\Core\PayPalHttpConnection : INFO: GET https://api.sandbox.paypal.com/v1/payments/payment/PAY-7E172036EU807110FLMMVHMI
[07-06-2018 04:03:38] PayPal\Core\PayPalHttpConnection : INFO: Response Status 	: 200
[07-06-2018 04:05:18] PayPal\Core\PayPalHttpConnection : INFO: POST https://api.sandbox.paypal.com/v1/oauth2/token
[07-06-2018 04:05:19] PayPal\Core\PayPalHttpConnection : INFO: Response Status 	: 200
[07-06-2018 04:05:19] PayPal\Core\PayPalHttpConnection : INFO: GET https://api.sandbox.paypal.com/v1/payments/payment/PAY-7E172036EU807110FLMMVHMI
[07-06-2018 04:05:20] PayPal\Core\PayPalHttpConnection : INFO: Response Status 	: 200
[07-06-2018 04:16:45] PayPal\Core\PayPalHttpConnection : INFO: POST https://api.sandbox.paypal.com/v1/oauth2/token
[07-06-2018 04:16:47] PayPal\Core\PayPalHttpConnection : INFO: Response Status 	: 200
[07-06-2018 04:16:47] PayPal\Core\PayPalHttpConnection : INFO: GET https://api.sandbox.paypal.com/v1/payments/payment/PAY-7E172036EU807110FLMMVHMI
[07-06-2018 04:16:49] PayPal\Core\PayPalHttpConnection : INFO: Response Status 	: 200
[07-06-2018 04:17:25] PayPal\Core\PayPalHttpConnection : INFO: POST https://api.sandbox.paypal.com/v1/oauth2/token
[07-06-2018 04:17:26] PayPal\Core\PayPalHttpConnection : INFO: Response Status 	: 200
[07-06-2018 04:17:26] PayPal\Core\PayPalHttpConnection : INFO: GET https://api.sandbox.paypal.com/v1/payments/payment/PAY-7E172036EU807110FLMMVHMI
[07-06-2018 04:17:28] PayPal\Core\PayPalHttpConnection : INFO: Response Status 	: 200
[07-06-2018 04:18:12] PayPal\Core\PayPalHttpConnection : INFO: POST https://api.sandbox.paypal.com/v1/oauth2/token
[07-06-2018 04:18:14] PayPal\Core\PayPalHttpConnection : INFO: Response Status 	: 200
[07-06-2018 04:18:14] PayPal\Core\PayPalHttpConnection : INFO: GET https://api.sandbox.paypal.com/v1/payments/payment/PAY-7E172036EU807110FLMMVHMI
[07-06-2018 04:18:15] PayPal\Core\PayPalHttpConnection : INFO: Response Status 	: 200
[07-06-2018 04:19:49] PayPal\Core\PayPalHttpConnection : INFO: POST https://api.sandbox.paypal.com/v1/oauth2/token
[07-06-2018 04:19:50] PayPal\Core\PayPalHttpConnection : INFO: Response Status 	: 200
[07-06-2018 04:19:50] PayPal\Core\PayPalHttpConnection : INFO: GET https://api.sandbox.paypal.com/v1/payments/payment/PAY-5WS23673WT926345MLMMTMKA
[07-06-2018 04:19:52] PayPal\Core\PayPalHttpConnection : INFO: Response Status 	: 200
[07-06-2018 04:20:40] PayPal\Core\PayPalHttpConnection : INFO: POST https://api.sandbox.paypal.com/v1/oauth2/token
[07-06-2018 04:20:42] PayPal\Core\PayPalHttpConnection : INFO: Response Status 	: 200
[07-06-2018 04:20:42] PayPal\Core\PayPalHttpConnection : INFO: GET https://api.sandbox.paypal.com/v1/payments/payment/PAY-5WS23673WT926345MLMMTMKA
[07-06-2018 04:20:43] PayPal\Core\PayPalHttpConnection : INFO: Response Status 	: 200
[11-06-2018 07:23:23] PayPal\Core\PayPalHttpConnection : INFO: POST https://api.sandbox.paypal.com/v1/oauth2/token
[11-06-2018 07:23:25] PayPal\Core\PayPalHttpConnection : INFO: Response Status 	: 200
[11-06-2018 07:23:25] PayPal\Core\PayPalHttpConnection : INFO: POST https://api.sandbox.paypal.com/v1/payments/payment
[11-06-2018 07:23:27] PayPal\Core\PayPalHttpConnection : INFO: Response Status 	: 201
[11-06-2018 07:34:18] PayPal\Core\PayPalHttpConnection : INFO: POST https://api.sandbox.paypal.com/v1/oauth2/token
[11-06-2018 07:34:20] PayPal\Core\PayPalHttpConnection : INFO: Response Status 	: 200
[11-06-2018 07:34:20] PayPal\Core\PayPalHttpConnection : INFO: GET https://api.sandbox.paypal.com/v1/payments/payment/PAY-6MR55062585715035LMPCG3Y
[11-06-2018 07:34:22] PayPal\Core\PayPalHttpConnection : INFO: Response Status 	: 200
[11-06-2018 07:39:09] PayPal\Core\PayPalHttpConnection : INFO: POST https://api.sandbox.paypal.com/v1/oauth2/token
[11-06-2018 07:39:10] PayPal\Core\PayPalHttpConnection : INFO: Response Status 	: 200
[11-06-2018 07:39:10] PayPal\Core\PayPalHttpConnection : INFO: GET https://api.sandbox.paypal.com/v1/payments/payment/PAY-6MR55062585715035LMPCG3Y
[11-06-2018 07:39:12] PayPal\Core\PayPalHttpConnection : INFO: Response Status 	: 200
[11-06-2018 07:41:56] PayPal\Core\PayPalHttpConnection : INFO: POST https://api.sandbox.paypal.com/v1/oauth2/token
[11-06-2018 07:41:58] PayPal\Core\PayPalHttpConnection : INFO: Response Status 	: 200
[11-06-2018 07:41:58] PayPal\Core\PayPalHttpConnection : INFO: GET https://api.sandbox.paypal.com/v1/payments/payment/PAY-6MR55062585715035LMPCG3Y
[11-06-2018 07:42:00] PayPal\Core\PayPalHttpConnection : INFO: Response Status 	: 200
[11-06-2018 07:42:08] PayPal\Core\PayPalHttpConnection : INFO: POST https://api.sandbox.paypal.com/v1/oauth2/token
[11-06-2018 07:42:10] PayPal\Core\PayPalHttpConnection : INFO: Response Status 	: 200
[11-06-2018 07:42:10] PayPal\Core\PayPalHttpConnection : INFO: GET https://api.sandbox.paypal.com/v1/payments/payment/PAY-6MR55062585715035LMPCG3Y
[11-06-2018 07:42:11] PayPal\Core\PayPalHttpConnection : INFO: Response Status 	: 200
[11-06-2018 07:44:50] PayPal\Core\PayPalHttpConnection : INFO: POST https://api.sandbox.paypal.com/v1/oauth2/token
[11-06-2018 07:44:52] PayPal\Core\PayPalHttpConnection : INFO: Response Status 	: 200
[11-06-2018 07:44:52] PayPal\Core\PayPalHttpConnection : INFO: GET https://api.sandbox.paypal.com/v1/payments/payment/PAY-6MR55062585715035LMPCG3Y
[11-06-2018 07:44:53] PayPal\Core\PayPalHttpConnection : INFO: Response Status 	: 200
[11-06-2018 07:46:29] PayPal\Core\PayPalHttpConnection : INFO: POST https://api.sandbox.paypal.com/v1/oauth2/token
[11-06-2018 07:46:31] PayPal\Core\PayPalHttpConnection : INFO: Response Status 	: 200
[11-06-2018 07:46:31] PayPal\Core\PayPalHttpConnection : INFO: GET https://api.sandbox.paypal.com/v1/payments/payment/PAY-6MR55062585715035LMPCG3Y
[11-06-2018 07:46:32] PayPal\Core\PayPalHttpConnection : INFO: Response Status 	: 200
[11-06-2018 07:52:11] PayPal\Core\PayPalHttpConnection : INFO: POST https://api.sandbox.paypal.com/v1/oauth2/token
[11-06-2018 07:52:12] PayPal\Core\PayPalHttpConnection : INFO: Response Status 	: 200
[11-06-2018 07:52:12] PayPal\Core\PayPalHttpConnection : INFO: POST https://api.sandbox.paypal.com/v1/payments/payment
[11-06-2018 07:52:14] PayPal\Core\PayPalHttpConnection : INFO: Response Status 	: 201
[11-06-2018 07:52:58] PayPal\Core\PayPalHttpConnection : INFO: POST https://api.sandbox.paypal.com/v1/oauth2/token
[11-06-2018 07:53:00] PayPal\Core\PayPalHttpConnection : INFO: Response Status 	: 200
[11-06-2018 07:53:00] PayPal\Core\PayPalHttpConnection : INFO: GET https://api.sandbox.paypal.com/v1/payments/payment/PAY-61U05843GP917743WLMPCULQ
[11-06-2018 07:53:01] PayPal\Core\PayPalHttpConnection : INFO: Response Status 	: 200
[11-06-2018 07:54:24] PayPal\Core\PayPalHttpConnection : INFO: POST https://api.sandbox.paypal.com/v1/oauth2/token
[11-06-2018 07:54:26] PayPal\Core\PayPalHttpConnection : INFO: Response Status 	: 200
[11-06-2018 07:54:26] PayPal\Core\PayPalHttpConnection : INFO: GET https://api.sandbox.paypal.com/v1/payments/payment/PAY-61U05843GP917743WLMPCULQ
[11-06-2018 07:54:27] PayPal\Core\PayPalHttpConnection : INFO: Response Status 	: 200
[11-06-2018 07:54:44] PayPal\Core\PayPalHttpConnection : INFO: POST https://api.sandbox.paypal.com/v1/oauth2/token
[11-06-2018 07:54:46] PayPal\Core\PayPalHttpConnection : INFO: Response Status 	: 200
[11-06-2018 07:54:46] PayPal\Core\PayPalHttpConnection : INFO: GET https://api.sandbox.paypal.com/v1/payments/payment/PAY-61U05843GP917743WLMPCULQ
[11-06-2018 07:54:47] PayPal\Core\PayPalHttpConnection : INFO: Response Status 	: 200
[11-06-2018 07:55:51] PayPal\Core\PayPalHttpConnection : INFO: POST https://api.sandbox.paypal.com/v1/oauth2/token
[11-06-2018 07:55:52] PayPal\Core\PayPalHttpConnection : INFO: Response Status 	: 200
[11-06-2018 07:55:52] PayPal\Core\PayPalHttpConnection : INFO: GET https://api.sandbox.paypal.com/v1/payments/payment/PAY-61U05843GP917743WLMPCULQ
[11-06-2018 07:55:53] PayPal\Core\PayPalHttpConnection : INFO: Response Status 	: 200
[11-06-2018 07:58:04] PayPal\Core\PayPalHttpConnection : INFO: POST https://api.sandbox.paypal.com/v1/oauth2/token
[11-06-2018 07:58:06] PayPal\Core\PayPalHttpConnection : INFO: Response Status 	: 200
[11-06-2018 07:58:06] PayPal\Core\PayPalHttpConnection : INFO: GET https://api.sandbox.paypal.com/v1/payments/payment/PAY-61U05843GP917743WLMPCULQ
[11-06-2018 07:58:08] PayPal\Core\PayPalHttpConnection : INFO: Response Status 	: 200
[11-06-2018 08:28:20] PayPal\Core\PayPalHttpConnection : INFO: POST https://api.sandbox.paypal.com/v1/oauth2/token
[11-06-2018 08:28:22] PayPal\Core\PayPalHttpConnection : INFO: Response Status 	: 200
[11-06-2018 08:28:22] PayPal\Core\PayPalHttpConnection : INFO: GET https://api.sandbox.paypal.com/v1/payments/payment/PAY-61U05843GP917743WLMPCULQ
[11-06-2018 08:28:24] PayPal\Core\PayPalHttpConnection : INFO: Response Status 	: 200
[11-06-2018 08:28:40] PayPal\Core\PayPalHttpConnection : INFO: POST https://api.sandbox.paypal.com/v1/oauth2/token
[11-06-2018 08:28:41] PayPal\Core\PayPalHttpConnection : INFO: Response Status 	: 200
[11-06-2018 08:28:41] PayPal\Core\PayPalHttpConnection : INFO: GET https://api.sandbox.paypal.com/v1/payments/payment/PAY-61U05843GP917743WLMPCULQ
[11-06-2018 08:28:43] PayPal\Core\PayPalHttpConnection : INFO: Response Status 	: 200
[11-06-2018 08:30:38] PayPal\Core\PayPalHttpConnection : INFO: POST https://api.sandbox.paypal.com/v1/oauth2/token
[11-06-2018 08:30:40] PayPal\Core\PayPalHttpConnection : INFO: Response Status 	: 200
[11-06-2018 08:30:40] PayPal\Core\PayPalHttpConnection : INFO: GET https://api.sandbox.paypal.com/v1/payments/payment/PAY-61U05843GP917743WLMPCULQ
[11-06-2018 08:30:41] PayPal\Core\PayPalHttpConnection : INFO: Response Status 	: 200
[11-06-2018 08:31:21] PayPal\Core\PayPalHttpConnection : INFO: POST https://api.sandbox.paypal.com/v1/oauth2/token
[11-06-2018 08:31:22] PayPal\Core\PayPalHttpConnection : INFO: Response Status 	: 200
[11-06-2018 08:31:22] PayPal\Core\PayPalHttpConnection : INFO: GET https://api.sandbox.paypal.com/v1/payments/payment/PAY-61U05843GP917743WLMPCULQ
[11-06-2018 08:31:24] PayPal\Core\PayPalHttpConnection : INFO: Response Status 	: 200
[11-06-2018 08:32:06] PayPal\Core\PayPalHttpConnection : INFO: POST https://api.sandbox.paypal.com/v1/oauth2/token
[11-06-2018 08:32:08] PayPal\Core\PayPalHttpConnection : INFO: Response Status 	: 200
[11-06-2018 08:32:08] PayPal\Core\PayPalHttpConnection : INFO: GET https://api.sandbox.paypal.com/v1/payments/payment/PAY-61U05843GP917743WLMPCULQ
[11-06-2018 08:32:09] PayPal\Core\PayPalHttpConnection : INFO: Response Status 	: 200
[11-06-2018 08:33:16] PayPal\Core\PayPalHttpConnection : INFO: POST https://api.sandbox.paypal.com/v1/oauth2/token
[11-06-2018 08:33:18] PayPal\Core\PayPalHttpConnection : INFO: Response Status 	: 200
[11-06-2018 08:33:18] PayPal\Core\PayPalHttpConnection : INFO: GET https://api.sandbox.paypal.com/v1/payments/payment/PAY-61U05843GP917743WLMPCULQ
[11-06-2018 08:33:19] PayPal\Core\PayPalHttpConnection : INFO: Response Status 	: 200
[11-06-2018 08:33:31] PayPal\Core\PayPalHttpConnection : INFO: POST https://api.sandbox.paypal.com/v1/oauth2/token
[11-06-2018 08:33:32] PayPal\Core\PayPalHttpConnection : INFO: Response Status 	: 200
[11-06-2018 08:33:32] PayPal\Core\PayPalHttpConnection : INFO: GET https://api.sandbox.paypal.com/v1/payments/payment/PAY-61U05843GP917743WLMPCULQ
[11-06-2018 08:33:33] PayPal\Core\PayPalHttpConnection : INFO: Response Status 	: 200
[11-06-2018 08:34:10] PayPal\Core\PayPalHttpConnection : INFO: POST https://api.sandbox.paypal.com/v1/oauth2/token
[11-06-2018 08:34:12] PayPal\Core\PayPalHttpConnection : INFO: Response Status 	: 200
[11-06-2018 08:34:12] PayPal\Core\PayPalHttpConnection : INFO: GET https://api.sandbox.paypal.com/v1/payments/payment/PAY-61U05843GP917743WLMPCULQ
[11-06-2018 08:34:13] PayPal\Core\PayPalHttpConnection : INFO: Response Status 	: 200
[11-06-2018 08:35:00] PayPal\Core\PayPalHttpConnection : INFO: POST https://api.sandbox.paypal.com/v1/oauth2/token
[11-06-2018 08:35:02] PayPal\Core\PayPalHttpConnection : INFO: Response Status 	: 200
[11-06-2018 08:35:02] PayPal\Core\PayPalHttpConnection : INFO: GET https://api.sandbox.paypal.com/v1/payments/payment/PAY-61U05843GP917743WLMPCULQ
[11-06-2018 08:35:03] PayPal\Core\PayPalHttpConnection : INFO: Response Status 	: 200
[11-06-2018 08:48:01] PayPal\Core\PayPalHttpConnection : INFO: POST https://api.sandbox.paypal.com/v1/oauth2/token
[11-06-2018 08:48:03] PayPal\Core\PayPalHttpConnection : INFO: Response Status 	: 200
[11-06-2018 08:48:03] PayPal\Core\PayPalHttpConnection : INFO: GET https://api.sandbox.paypal.com/v1/payments/payment/PAY-61U05843GP917743WLMPCULQ
[11-06-2018 08:48:04] PayPal\Core\PayPalHttpConnection : INFO: Response Status 	: 200
[11-06-2018 08:48:29] PayPal\Core\PayPalHttpConnection : INFO: POST https://api.sandbox.paypal.com/v1/oauth2/token
[11-06-2018 08:48:30] PayPal\Core\PayPalHttpConnection : INFO: Response Status 	: 200
[11-06-2018 08:48:30] PayPal\Core\PayPalHttpConnection : INFO: GET https://api.sandbox.paypal.com/v1/payments/payment/PAY-61U05843GP917743WLMPCULQ
[11-06-2018 08:48:32] PayPal\Core\PayPalHttpConnection : INFO: Response Status 	: 200
[11-06-2018 08:50:15] PayPal\Core\PayPalHttpConnection : INFO: POST https://api.sandbox.paypal.com/v1/oauth2/token
[11-06-2018 08:50:17] PayPal\Core\PayPalHttpConnection : INFO: Response Status 	: 200
[11-06-2018 08:50:17] PayPal\Core\PayPalHttpConnection : INFO: GET https://api.sandbox.paypal.com/v1/payments/payment/PAY-61U05843GP917743WLMPCULQ
[11-06-2018 08:50:18] PayPal\Core\PayPalHttpConnection : INFO: Response Status 	: 200
[11-06-2018 08:51:08] PayPal\Core\PayPalHttpConnection : INFO: POST https://api.sandbox.paypal.com/v1/oauth2/token
[11-06-2018 08:51:10] PayPal\Core\PayPalHttpConnection : INFO: Response Status 	: 200
[11-06-2018 08:51:10] PayPal\Core\PayPalHttpConnection : INFO: GET https://api.sandbox.paypal.com/v1/payments/payment/PAY-61U05843GP917743WLMPCULQ
[11-06-2018 08:51:11] PayPal\Core\PayPalHttpConnection : INFO: Response Status 	: 200
[11-06-2018 08:56:37] PayPal\Core\PayPalHttpConnection : INFO: POST https://api.sandbox.paypal.com/v1/oauth2/token
[11-06-2018 08:56:39] PayPal\Core\PayPalHttpConnection : INFO: Response Status 	: 200
[11-06-2018 08:56:39] PayPal\Core\PayPalHttpConnection : INFO: POST https://api.sandbox.paypal.com/v1/payments/payment
[11-06-2018 08:56:41] PayPal\Core\PayPalHttpConnection : INFO: Response Status 	: 201
[11-06-2018 08:57:29] PayPal\Core\PayPalHttpConnection : INFO: POST https://api.sandbox.paypal.com/v1/oauth2/token
[11-06-2018 08:57:30] PayPal\Core\PayPalHttpConnection : INFO: Response Status 	: 200
[11-06-2018 08:57:30] PayPal\Core\PayPalHttpConnection : INFO: GET https://api.sandbox.paypal.com/v1/payments/payment/PAY-4H974013NN114030LLMPDSSI
[11-06-2018 08:57:32] PayPal\Core\PayPalHttpConnection : INFO: Response Status 	: 200
[11-06-2018 09:00:08] PayPal\Core\PayPalHttpConnection : INFO: POST https://api.sandbox.paypal.com/v1/oauth2/token
[11-06-2018 09:00:14] PayPal\Core\PayPalHttpConnection : INFO: Response Status 	: 200
[11-06-2018 09:00:14] PayPal\Core\PayPalHttpConnection : INFO: POST https://api.sandbox.paypal.com/v1/payments/payment
[11-06-2018 09:00:16] PayPal\Core\PayPalHttpConnection : INFO: Response Status 	: 201
[11-06-2018 09:00:45] PayPal\Core\PayPalHttpConnection : INFO: POST https://api.sandbox.paypal.com/v1/oauth2/token
[11-06-2018 09:00:46] PayPal\Core\PayPalHttpConnection : INFO: Response Status 	: 200
[11-06-2018 09:00:46] PayPal\Core\PayPalHttpConnection : INFO: GET https://api.sandbox.paypal.com/v1/payments/payment/PAY-40023757HN654893XLMPDUIA
[11-06-2018 09:00:48] PayPal\Core\PayPalHttpConnection : INFO: Response Status 	: 200
[11-06-2018 09:09:43] PayPal\Core\PayPalHttpConnection : INFO: POST https://api.sandbox.paypal.com/v1/oauth2/token
[11-06-2018 09:09:47] PayPal\Core\PayPalHttpConnection : INFO: Response Status 	: 200
[11-06-2018 09:09:47] PayPal\Core\PayPalHttpConnection : INFO: GET https://api.sandbox.paypal.com/v1/payments/payment/PAY-61U05843GP917743WLMPCULQ
[11-06-2018 09:09:48] PayPal\Core\PayPalHttpConnection : INFO: Response Status 	: 200
[11-06-2018 09:11:45] PayPal\Core\PayPalHttpConnection : INFO: POST https://api.sandbox.paypal.com/v1/oauth2/token
[11-06-2018 09:11:46] PayPal\Core\PayPalHttpConnection : INFO: Response Status 	: 200
[11-06-2018 09:11:46] PayPal\Core\PayPalHttpConnection : INFO: GET https://api.sandbox.paypal.com/v1/payments/payment/PAY-61U05843GP917743WLMPCULQ
[11-06-2018 09:11:48] PayPal\Core\PayPalHttpConnection : INFO: Response Status 	: 200
[11-06-2018 09:13:06] PayPal\Core\PayPalHttpConnection : INFO: POST https://api.sandbox.paypal.com/v1/oauth2/token
[11-06-2018 09:13:08] PayPal\Core\PayPalHttpConnection : INFO: Response Status 	: 200
[11-06-2018 09:13:08] PayPal\Core\PayPalHttpConnection : INFO: GET https://api.sandbox.paypal.com/v1/payments/payment/PAY-61U05843GP917743WLMPCULQ
[11-06-2018 09:13:09] PayPal\Core\PayPalHttpConnection : INFO: Response Status 	: 200
[11-06-2018 09:30:16] PayPal\Core\PayPalHttpConnection : INFO: POST https://api.sandbox.paypal.com/v1/oauth2/token
[11-06-2018 09:30:18] PayPal\Core\PayPalHttpConnection : INFO: Response Status 	: 200
[11-06-2018 09:30:18] PayPal\Core\PayPalHttpConnection : INFO: GET https://api.sandbox.paypal.com/v1/payments/payment/PAY-61U05843GP917743WLMPCULQ
[11-06-2018 09:30:20] PayPal\Core\PayPalHttpConnection : INFO: Response Status 	: 200
[11-06-2018 10:13:37] PayPal\Core\PayPalHttpConnection : INFO: POST https://api.sandbox.paypal.com/v1/oauth2/token
[11-06-2018 10:13:39] PayPal\Core\PayPalHttpConnection : INFO: Response Status 	: 200
[11-06-2018 10:13:39] PayPal\Core\PayPalHttpConnection : INFO: POST https://api.sandbox.paypal.com/v1/payments/payment
[11-06-2018 10:13:41] PayPal\Core\PayPalHttpConnection : INFO: Response Status 	: 201
[11-06-2018 10:14:28] PayPal\Core\PayPalHttpConnection : INFO: POST https://api.sandbox.paypal.com/v1/oauth2/token
[11-06-2018 10:14:29] PayPal\Core\PayPalHttpConnection : INFO: Response Status 	: 200
[11-06-2018 10:14:29] PayPal\Core\PayPalHttpConnection : INFO: GET https://api.sandbox.paypal.com/v1/payments/payment/PAY-5RW537200A642814ELMPEWVI
[11-06-2018 10:14:31] PayPal\Core\PayPalHttpConnection : INFO: Response Status 	: 200
[11-06-2018 10:17:04] PayPal\Core\PayPalHttpConnection : INFO: POST https://api.sandbox.paypal.com/v1/oauth2/token
[11-06-2018 10:17:06] PayPal\Core\PayPalHttpConnection : INFO: Response Status 	: 200
[11-06-2018 10:17:06] PayPal\Core\PayPalHttpConnection : INFO: GET https://api.sandbox.paypal.com/v1/payments/payment/PAY-5RW537200A642814ELMPEWVI
[11-06-2018 10:17:07] PayPal\Core\PayPalHttpConnection : INFO: Response Status 	: 200
[11-06-2018 10:25:51] PayPal\Core\PayPalHttpConnection : INFO: POST https://api.sandbox.paypal.com/v1/oauth2/token
[11-06-2018 10:25:52] PayPal\Core\PayPalHttpConnection : INFO: Response Status 	: 200
[11-06-2018 10:25:52] PayPal\Core\PayPalHttpConnection : INFO: GET https://api.sandbox.paypal.com/v1/payments/payment/PAY-5RW537200A642814ELMPEWVI
[11-06-2018 10:25:54] PayPal\Core\PayPalHttpConnection : INFO: Response Status 	: 200
[11-06-2018 10:26:52] PayPal\Core\PayPalHttpConnection : INFO: POST https://api.sandbox.paypal.com/v1/oauth2/token
[11-06-2018 10:26:54] PayPal\Core\PayPalHttpConnection : INFO: Response Status 	: 200
[11-06-2018 10:26:54] PayPal\Core\PayPalHttpConnection : INFO: GET https://api.sandbox.paypal.com/v1/payments/payment/PAY-5RW537200A642814ELMPEWVI
[11-06-2018 10:26:55] PayPal\Core\PayPalHttpConnection : INFO: Response Status 	: 200
[11-06-2018 10:27:25] PayPal\Core\PayPalHttpConnection : INFO: POST https://api.sandbox.paypal.com/v1/oauth2/token
[11-06-2018 10:27:26] PayPal\Core\PayPalHttpConnection : INFO: Response Status 	: 200
[11-06-2018 10:27:26] PayPal\Core\PayPalHttpConnection : INFO: GET https://api.sandbox.paypal.com/v1/payments/payment/PAY-5RW537200A642814ELMPEWVI
[11-06-2018 10:27:27] PayPal\Core\PayPalHttpConnection : INFO: Response Status 	: 200
[11-06-2018 10:29:49] PayPal\Core\PayPalHttpConnection : INFO: POST https://api.sandbox.paypal.com/v1/oauth2/token
[11-06-2018 10:29:50] PayPal\Core\PayPalHttpConnection : INFO: Response Status 	: 200
[11-06-2018 10:29:50] PayPal\Core\PayPalHttpConnection : INFO: GET https://api.sandbox.paypal.com/v1/payments/payment/PAY-61U05843GP917743WLMPCULQ
[11-06-2018 10:29:52] PayPal\Core\PayPalHttpConnection : INFO: Response Status 	: 200
[11-06-2018 10:30:12] PayPal\Core\PayPalHttpConnection : INFO: POST https://api.sandbox.paypal.com/v1/oauth2/token
[11-06-2018 10:30:13] PayPal\Core\PayPalHttpConnection : INFO: Response Status 	: 200
[11-06-2018 10:30:13] PayPal\Core\PayPalHttpConnection : INFO: GET https://api.sandbox.paypal.com/v1/payments/payment/PAY-61U05843GP917743WLMPCULQ
[11-06-2018 10:30:15] PayPal\Core\PayPalHttpConnection : INFO: Response Status 	: 200
[11-06-2018 10:33:25] PayPal\Core\PayPalHttpConnection : INFO: POST https://api.sandbox.paypal.com/v1/oauth2/token
[11-06-2018 10:33:27] PayPal\Core\PayPalHttpConnection : INFO: Response Status 	: 200
[11-06-2018 10:33:27] PayPal\Core\PayPalHttpConnection : INFO: GET https://api.sandbox.paypal.com/v1/payments/payment/PAY-61U05843GP917743WLMPCULQ
[11-06-2018 10:33:28] PayPal\Core\PayPalHttpConnection : INFO: Response Status 	: 200
[11-06-2018 10:34:47] PayPal\Core\PayPalHttpConnection : INFO: POST https://api.sandbox.paypal.com/v1/oauth2/token
[11-06-2018 10:34:48] PayPal\Core\PayPalHttpConnection : INFO: Response Status 	: 200
[11-06-2018 10:34:48] PayPal\Core\PayPalHttpConnection : INFO: GET https://api.sandbox.paypal.com/v1/payments/payment/PAY-61U05843GP917743WLMPCULQ
[11-06-2018 10:34:50] PayPal\Core\PayPalHttpConnection : INFO: Response Status 	: 200
[11-06-2018 10:35:57] PayPal\Core\PayPalHttpConnection : INFO: POST https://api.sandbox.paypal.com/v1/oauth2/token
[11-06-2018 10:35:59] PayPal\Core\PayPalHttpConnection : INFO: Response Status 	: 200
[11-06-2018 10:35:59] PayPal\Core\PayPalHttpConnection : INFO: GET https://api.sandbox.paypal.com/v1/payments/payment/PAY-61U05843GP917743WLMPCULQ
[11-06-2018 10:36:01] PayPal\Core\PayPalHttpConnection : INFO: Response Status 	: 200
[11-06-2018 10:39:48] PayPal\Core\PayPalHttpConnection : INFO: POST https://api.sandbox.paypal.com/v1/oauth2/token
[11-06-2018 10:39:50] PayPal\Core\PayPalHttpConnection : INFO: Response Status 	: 200
[11-06-2018 10:39:50] PayPal\Core\PayPalHttpConnection : INFO: GET https://api.sandbox.paypal.com/v1/payments/payment/PAY-61U05843GP917743WLMPCULQ
[11-06-2018 10:39:51] PayPal\Core\PayPalHttpConnection : INFO: Response Status 	: 200
[11-06-2018 10:41:09] PayPal\Core\PayPalHttpConnection : INFO: POST https://api.sandbox.paypal.com/v1/oauth2/token
[11-06-2018 10:41:12] PayPal\Core\PayPalHttpConnection : INFO: Response Status 	: 200
[11-06-2018 10:41:12] PayPal\Core\PayPalHttpConnection : INFO: GET https://api.sandbox.paypal.com/v1/payments/payment/PAY-61U05843GP917743WLMPCULQ
[11-06-2018 10:41:13] PayPal\Core\PayPalHttpConnection : INFO: Response Status 	: 200
[11-06-2018 10:42:29] PayPal\Core\PayPalHttpConnection : INFO: POST https://api.sandbox.paypal.com/v1/oauth2/token
[11-06-2018 10:42:31] PayPal\Core\PayPalHttpConnection : INFO: Response Status 	: 200
[11-06-2018 10:42:31] PayPal\Core\PayPalHttpConnection : INFO: GET https://api.sandbox.paypal.com/v1/payments/payment/PAY-61U05843GP917743WLMPCULQ
[11-06-2018 10:42:32] PayPal\Core\PayPalHttpConnection : INFO: Response Status 	: 200
[11-06-2018 10:43:07] PayPal\Core\PayPalHttpConnection : INFO: POST https://api.sandbox.paypal.com/v1/oauth2/token
[11-06-2018 10:43:08] PayPal\Core\PayPalHttpConnection : INFO: Response Status 	: 200
[11-06-2018 10:43:08] PayPal\Core\PayPalHttpConnection : INFO: GET https://api.sandbox.paypal.com/v1/payments/payment/PAY-61U05843GP917743WLMPCULQ
[11-06-2018 10:43:10] PayPal\Core\PayPalHttpConnection : INFO: Response Status 	: 200
[11-06-2018 10:45:12] PayPal\Core\PayPalHttpConnection : INFO: POST https://api.sandbox.paypal.com/v1/oauth2/token
[11-06-2018 10:45:13] PayPal\Core\PayPalHttpConnection : INFO: Response Status 	: 200
[11-06-2018 10:45:13] PayPal\Core\PayPalHttpConnection : INFO: GET https://api.sandbox.paypal.com/v1/payments/payment/PAY-61U05843GP917743WLMPCULQ
[11-06-2018 10:45:15] PayPal\Core\PayPalHttpConnection : INFO: Response Status 	: 200
[11-06-2018 10:46:49] PayPal\Core\PayPalHttpConnection : INFO: POST https://api.sandbox.paypal.com/v1/oauth2/token
[11-06-2018 10:46:51] PayPal\Core\PayPalHttpConnection : INFO: Response Status 	: 200
[11-06-2018 10:46:51] PayPal\Core\PayPalHttpConnection : INFO: GET https://api.sandbox.paypal.com/v1/payments/payment/PAY-61U05843GP917743WLMPCULQ
[11-06-2018 10:46:52] PayPal\Core\PayPalHttpConnection : INFO: Response Status 	: 200
[11-06-2018 10:47:49] PayPal\Core\PayPalHttpConnection : INFO: POST https://api.sandbox.paypal.com/v1/oauth2/token
[11-06-2018 10:47:51] PayPal\Core\PayPalHttpConnection : INFO: Response Status 	: 200
[11-06-2018 10:47:51] PayPal\Core\PayPalHttpConnection : INFO: GET https://api.sandbox.paypal.com/v1/payments/payment/PAY-61U05843GP917743WLMPCULQ
[11-06-2018 10:47:53] PayPal\Core\PayPalHttpConnection : INFO: Response Status 	: 200
[11-06-2018 10:49:36] PayPal\Core\PayPalHttpConnection : INFO: POST https://api.sandbox.paypal.com/v1/oauth2/token
[11-06-2018 10:49:37] PayPal\Core\PayPalHttpConnection : INFO: Response Status 	: 200
[11-06-2018 10:49:37] PayPal\Core\PayPalHttpConnection : INFO: GET https://api.sandbox.paypal.com/v1/payments/payment/PAY-61U05843GP917743WLMPCULQ
[11-06-2018 10:49:39] PayPal\Core\PayPalHttpConnection : INFO: Response Status 	: 200
[11-06-2018 10:52:40] PayPal\Core\PayPalHttpConnection : INFO: POST https://api.sandbox.paypal.com/v1/oauth2/token
[11-06-2018 10:52:41] PayPal\Core\PayPalHttpConnection : INFO: Response Status 	: 200
[11-06-2018 10:52:41] PayPal\Core\PayPalHttpConnection : INFO: POST https://api.sandbox.paypal.com/v1/payments/payment
[11-06-2018 10:52:43] PayPal\Core\PayPalHttpConnection : INFO: Response Status 	: 201
[11-06-2018 10:53:31] PayPal\Core\PayPalHttpConnection : INFO: POST https://api.sandbox.paypal.com/v1/oauth2/token
[11-06-2018 10:53:33] PayPal\Core\PayPalHttpConnection : INFO: Response Status 	: 200
[11-06-2018 10:53:33] PayPal\Core\PayPalHttpConnection : INFO: GET https://api.sandbox.paypal.com/v1/payments/payment/PAY-9NK84695SG9844352LMPFI6Y
[11-06-2018 10:53:34] PayPal\Core\PayPalHttpConnection : INFO: Response Status 	: 200
[11-06-2018 10:53:51] PayPal\Core\PayPalHttpConnection : INFO: POST https://api.sandbox.paypal.com/v1/oauth2/token
[11-06-2018 10:53:53] PayPal\Core\PayPalHttpConnection : INFO: Response Status 	: 200
[11-06-2018 10:53:53] PayPal\Core\PayPalHttpConnection : INFO: GET https://api.sandbox.paypal.com/v1/payments/payment/PAY-9NK84695SG9844352LMPFI6Y
[11-06-2018 10:53:54] PayPal\Core\PayPalHttpConnection : INFO: Response Status 	: 200
[11-06-2018 10:54:41] PayPal\Core\PayPalHttpConnection : INFO: POST https://api.sandbox.paypal.com/v1/oauth2/token
[11-06-2018 10:54:43] PayPal\Core\PayPalHttpConnection : INFO: Response Status 	: 200
[11-06-2018 10:54:43] PayPal\Core\PayPalHttpConnection : INFO: GET https://api.sandbox.paypal.com/v1/payments/payment/PAY-9NK84695SG9844352LMPFI6Y
[11-06-2018 10:54:46] PayPal\Core\PayPalHttpConnection : INFO: Response Status 	: 200
[11-06-2018 11:06:37] PayPal\Core\PayPalHttpConnection : INFO: POST https://api.sandbox.paypal.com/v1/oauth2/token
[11-06-2018 11:06:39] PayPal\Core\PayPalHttpConnection : INFO: Response Status 	: 200
[11-06-2018 11:06:39] PayPal\Core\PayPalHttpConnection : INFO: GET https://api.sandbox.paypal.com/v1/payments/payment/PAY-61U05843GP917743WLMPCULQ
[11-06-2018 11:06:41] PayPal\Core\PayPalHttpConnection : INFO: Response Status 	: 200
[11-06-2018 11:13:00] PayPal\Core\PayPalHttpConnection : INFO: POST https://api.sandbox.paypal.com/v1/oauth2/token
[11-06-2018 11:13:01] PayPal\Core\PayPalHttpConnection : INFO: Response Status 	: 200
[11-06-2018 11:13:01] PayPal\Core\PayPalHttpConnection : INFO: GET https://api.sandbox.paypal.com/v1/payments/payment/PAY-61U05843GP917743WLMPCULQ
[11-06-2018 11:13:03] PayPal\Core\PayPalHttpConnection : INFO: Response Status 	: 200
[11-06-2018 11:13:47] PayPal\Core\PayPalHttpConnection : INFO: POST https://api.sandbox.paypal.com/v1/oauth2/token
[11-06-2018 11:13:49] PayPal\Core\PayPalHttpConnection : INFO: Response Status 	: 200
[11-06-2018 11:13:49] PayPal\Core\PayPalHttpConnection : INFO: GET https://api.sandbox.paypal.com/v1/payments/payment/PAY-61U05843GP917743WLMPCULQ
[11-06-2018 11:13:50] PayPal\Core\PayPalHttpConnection : INFO: Response Status 	: 200
[11-06-2018 11:16:16] PayPal\Core\PayPalHttpConnection : INFO: POST https://api.sandbox.paypal.com/v1/oauth2/token
[11-06-2018 11:16:17] PayPal\Core\PayPalHttpConnection : INFO: Response Status 	: 200
[11-06-2018 11:16:17] PayPal\Core\PayPalHttpConnection : INFO: GET https://api.sandbox.paypal.com/v1/payments/payment/PAY-61U05843GP917743WLMPCULQ
[11-06-2018 11:16:18] PayPal\Core\PayPalHttpConnection : INFO: Response Status 	: 200
[11-06-2018 11:20:28] PayPal\Core\PayPalHttpConnection : INFO: POST https://api.sandbox.paypal.com/v1/oauth2/token
[11-06-2018 11:20:30] PayPal\Core\PayPalHttpConnection : INFO: Response Status 	: 200
[11-06-2018 11:20:30] PayPal\Core\PayPalHttpConnection : INFO: GET https://api.sandbox.paypal.com/v1/payments/payment/PAY-61U05843GP917743WLMPCULQ
[11-06-2018 11:20:31] PayPal\Core\PayPalHttpConnection : INFO: Response Status 	: 200
[11-06-2018 11:21:04] PayPal\Core\PayPalHttpConnection : INFO: POST https://api.sandbox.paypal.com/v1/oauth2/token
[11-06-2018 11:21:06] PayPal\Core\PayPalHttpConnection : INFO: Response Status 	: 200
[11-06-2018 11:21:06] PayPal\Core\PayPalHttpConnection : INFO: GET https://api.sandbox.paypal.com/v1/payments/payment/PAY-61U05843GP917743WLMPCULQ
[11-06-2018 11:21:07] PayPal\Core\PayPalHttpConnection : INFO: Response Status 	: 200
[11-06-2018 11:26:09] PayPal\Core\PayPalHttpConnection : INFO: POST https://api.sandbox.paypal.com/v1/oauth2/token
[11-06-2018 11:26:11] PayPal\Core\PayPalHttpConnection : INFO: Response Status 	: 200
[11-06-2018 11:26:11] PayPal\Core\PayPalHttpConnection : INFO: GET https://api.sandbox.paypal.com/v1/payments/payment/PAY-61U05843GP917743WLMPCULQ
[11-06-2018 11:26:12] PayPal\Core\PayPalHttpConnection : INFO: Response Status 	: 200
[11-06-2018 11:28:23] PayPal\Core\PayPalHttpConnection : INFO: POST https://api.sandbox.paypal.com/v1/oauth2/token
[11-06-2018 11:28:25] PayPal\Core\PayPalHttpConnection : INFO: Response Status 	: 200
[11-06-2018 11:28:25] PayPal\Core\PayPalHttpConnection : INFO: GET https://api.sandbox.paypal.com/v1/payments/payment/PAY-61U05843GP917743WLMPCULQ
[11-06-2018 11:28:27] PayPal\Core\PayPalHttpConnection : INFO: Response Status 	: 200
[11-06-2018 11:34:58] PayPal\Core\PayPalHttpConnection : INFO: POST https://api.sandbox.paypal.com/v1/oauth2/token
[11-06-2018 11:35:00] PayPal\Core\PayPalHttpConnection : INFO: Response Status 	: 200
[11-06-2018 11:35:00] PayPal\Core\PayPalHttpConnection : INFO: GET https://api.sandbox.paypal.com/v1/payments/payment/PAY-61U05843GP917743WLMPCULQ
[11-06-2018 11:35:01] PayPal\Core\PayPalHttpConnection : INFO: Response Status 	: 200
[11-06-2018 11:36:22] PayPal\Core\PayPalHttpConnection : INFO: POST https://api.sandbox.paypal.com/v1/oauth2/token
[11-06-2018 11:36:23] PayPal\Core\PayPalHttpConnection : INFO: Response Status 	: 200
[11-06-2018 11:36:23] PayPal\Core\PayPalHttpConnection : INFO: GET https://api.sandbox.paypal.com/v1/payments/payment/PAY-61U05843GP917743WLMPCULQ
[11-06-2018 11:36:25] PayPal\Core\PayPalHttpConnection : INFO: Response Status 	: 200
[11-06-2018 11:40:13] PayPal\Core\PayPalHttpConnection : INFO: POST https://api.sandbox.paypal.com/v1/oauth2/token
[11-06-2018 11:40:14] PayPal\Core\PayPalHttpConnection : INFO: Response Status 	: 200
[11-06-2018 11:40:14] PayPal\Core\PayPalHttpConnection : INFO: GET https://api.sandbox.paypal.com/v1/payments/payment/PAY-61U05843GP917743WLMPCULQ
[11-06-2018 11:40:15] PayPal\Core\PayPalHttpConnection : INFO: Response Status 	: 200
[11-06-2018 11:42:45] PayPal\Core\PayPalHttpConnection : INFO: POST https://api.sandbox.paypal.com/v1/oauth2/token
[11-06-2018 11:42:47] PayPal\Core\PayPalHttpConnection : INFO: Response Status 	: 200
[11-06-2018 11:42:47] PayPal\Core\PayPalHttpConnection : INFO: GET https://api.sandbox.paypal.com/v1/payments/payment/PAY-61U05843GP917743WLMPCULQ
[11-06-2018 11:42:48] PayPal\Core\PayPalHttpConnection : INFO: Response Status 	: 200
[11-06-2018 11:46:02] PayPal\Core\PayPalHttpConnection : INFO: POST https://api.sandbox.paypal.com/v1/oauth2/token
[11-06-2018 11:46:04] PayPal\Core\PayPalHttpConnection : INFO: Response Status 	: 200
[11-06-2018 11:46:04] PayPal\Core\PayPalHttpConnection : INFO: GET https://api.sandbox.paypal.com/v1/payments/payment/PAY-61U05843GP917743WLMPCULQ
[11-06-2018 11:46:05] PayPal\Core\PayPalHttpConnection : INFO: Response Status 	: 200
[11-06-2018 11:47:11] PayPal\Core\PayPalHttpConnection : INFO: POST https://api.sandbox.paypal.com/v1/oauth2/token
[11-06-2018 11:47:13] PayPal\Core\PayPalHttpConnection : INFO: Response Status 	: 200
[11-06-2018 11:47:13] PayPal\Core\PayPalHttpConnection : INFO: GET https://api.sandbox.paypal.com/v1/payments/payment/PAY-61U05843GP917743WLMPCULQ
[11-06-2018 11:47:14] PayPal\Core\PayPalHttpConnection : INFO: Response Status 	: 200
[11-06-2018 11:48:10] PayPal\Core\PayPalHttpConnection : INFO: POST https://api.sandbox.paypal.com/v1/oauth2/token
[11-06-2018 11:48:12] PayPal\Core\PayPalHttpConnection : INFO: Response Status 	: 200
[11-06-2018 11:48:12] PayPal\Core\PayPalHttpConnection : INFO: GET https://api.sandbox.paypal.com/v1/payments/payment/PAY-61U05843GP917743WLMPCULQ
[11-06-2018 11:48:13] PayPal\Core\PayPalHttpConnection : INFO: Response Status 	: 200
[11-06-2018 11:48:52] PayPal\Core\PayPalHttpConnection : INFO: POST https://api.sandbox.paypal.com/v1/oauth2/token
[11-06-2018 11:48:53] PayPal\Core\PayPalHttpConnection : INFO: Response Status 	: 200
[11-06-2018 11:48:53] PayPal\Core\PayPalHttpConnection : INFO: GET https://api.sandbox.paypal.com/v1/payments/payment/PAY-61U05843GP917743WLMPCULQ
[11-06-2018 11:48:55] PayPal\Core\PayPalHttpConnection : INFO: Response Status 	: 200
[11-06-2018 11:51:01] PayPal\Core\PayPalHttpConnection : INFO: POST https://api.sandbox.paypal.com/v1/oauth2/token
[11-06-2018 11:51:03] PayPal\Core\PayPalHttpConnection : INFO: Response Status 	: 200
[11-06-2018 11:51:03] PayPal\Core\PayPalHttpConnection : INFO: GET https://api.sandbox.paypal.com/v1/payments/payment/PAY-61U05843GP917743WLMPCULQ
[11-06-2018 11:51:04] PayPal\Core\PayPalHttpConnection : INFO: Response Status 	: 200
[11-06-2018 11:58:13] PayPal\Core\PayPalHttpConnection : INFO: POST https://api.sandbox.paypal.com/v1/oauth2/token
[11-06-2018 11:58:14] PayPal\Core\PayPalHttpConnection : INFO: Response Status 	: 200
[11-06-2018 11:58:14] PayPal\Core\PayPalHttpConnection : INFO: GET https://api.sandbox.paypal.com/v1/payments/payment/PAY-61U05843GP917743WLMPCULQ
[11-06-2018 11:58:16] PayPal\Core\PayPalHttpConnection : INFO: Response Status 	: 200
[11-06-2018 12:34:47] PayPal\Core\PayPalHttpConnection : INFO: POST https://api.sandbox.paypal.com/v1/oauth2/token
[11-06-2018 12:34:50] PayPal\Core\PayPalHttpConnection : INFO: Response Status 	: 200
[11-06-2018 12:34:50] PayPal\Core\PayPalHttpConnection : INFO: POST https://api.sandbox.paypal.com/v1/payments/payment
[11-06-2018 12:34:52] PayPal\Core\PayPalHttpConnection : INFO: Response Status 	: 201
[11-06-2018 12:35:41] PayPal\Core\PayPalHttpConnection : INFO: POST https://api.sandbox.paypal.com/v1/oauth2/token
[11-06-2018 12:35:42] PayPal\Core\PayPalHttpConnection : INFO: Response Status 	: 200
[11-06-2018 12:35:42] PayPal\Core\PayPalHttpConnection : INFO: GET https://api.sandbox.paypal.com/v1/payments/payment/PAY-5B676760VE7334304LMPGY3A
[11-06-2018 12:35:44] PayPal\Core\PayPalHttpConnection : INFO: Response Status 	: 200
[12-06-2018 10:49:33] PayPal\Core\PayPalHttpConnection : INFO: POST https://api.sandbox.paypal.com/v1/oauth2/token
[12-06-2018 10:49:35] PayPal\Core\PayPalHttpConnection : INFO: Response Status 	: 200
[12-06-2018 10:49:35] PayPal\Core\PayPalHttpConnection : INFO: POST https://api.sandbox.paypal.com/v1/payments/payment
[12-06-2018 10:49:36] PayPal\Core\PayPalHttpConnection : INFO: Response Status 	: 201
[12-06-2018 10:51:43] PayPal\Core\PayPalHttpConnection : INFO: POST https://api.sandbox.paypal.com/v1/oauth2/token
[12-06-2018 10:51:45] PayPal\Core\PayPalHttpConnection : INFO: Response Status 	: 200
[12-06-2018 10:51:45] PayPal\Core\PayPalHttpConnection : INFO: POST https://api.sandbox.paypal.com/v1/payments/payment
[12-06-2018 10:51:46] PayPal\Core\PayPalHttpConnection : INFO: Response Status 	: 201
[12-06-2018 10:59:45] PayPal\Core\PayPalHttpConnection : INFO: POST https://api.sandbox.paypal.com/v1/oauth2/token
[12-06-2018 10:59:47] PayPal\Core\PayPalHttpConnection : INFO: Response Status 	: 200
[12-06-2018 10:59:47] PayPal\Core\PayPalHttpConnection : INFO: POST https://api.sandbox.paypal.com/v1/payments/payment
[12-06-2018 10:59:49] PayPal\Core\PayPalHttpConnection : INFO: Response Status 	: 201
[12-06-2018 11:03:14] PayPal\Core\PayPalHttpConnection : INFO: POST https://api.sandbox.paypal.com/v1/oauth2/token
[12-06-2018 11:03:18] PayPal\Core\PayPalHttpConnection : INFO: Response Status 	: 200
[12-06-2018 11:03:18] PayPal\Core\PayPalHttpConnection : INFO: POST https://api.sandbox.paypal.com/v1/payments/payment
[12-06-2018 11:03:20] PayPal\Core\PayPalHttpConnection : INFO: Response Status 	: 201
[14-06-2018 08:18:02] PayPal\Core\PayPalHttpConnection : INFO: POST https://api.sandbox.paypal.com/v1/oauth2/token
[14-06-2018 08:18:04] PayPal\Core\PayPalHttpConnection : INFO: Response Status 	: 200
[14-06-2018 08:18:04] PayPal\Core\PayPalHttpConnection : INFO: POST https://api.sandbox.paypal.com/v1/payments/payment
[14-06-2018 08:18:06] PayPal\Core\PayPalHttpConnection : INFO: Response Status 	: 201
